2023-11-06 10:04:44,033 [INFO] Activator:177 - 


2023-11-06 10:04:44,037 [INFO] Activator:178 - !SESSION log4j initialized
2023-11-06 10:04:48,261 [INFO] McuFinderGlobals:39 - Set McuFinder mode to 2 (CubeIDE integrated)
2023-11-06 10:04:48,882 [INFO] ApplicationProperties:181 - Using Application install path: C:\ST\STM32CubeIDE_1.7.0\STM32CubeIDE\plugins\com.st.stm32cube.common.mx_6.3.0.202107141111
2023-11-06 10:04:48,892 [INFO] DbMcusXml:74 - Set database path to: C:\ST\STM32CubeIDE_1.7.0\STM32CubeIDE\plugins\com.st.stm32cube.common.mx_6.3.0.202107141111\\db\/mcu/
2023-11-06 10:04:48,896 [INFO] DbBoardsPdsc:56 - Set plugin database path to: C:\ST\STM32CubeIDE_1.7.0\STM32CubeIDE\plugins\com.st.stm32cube.common.mx_6.3.0.202107141111\\db\/plugins/boardmanager/
2023-11-06 10:04:48,896 [INFO] DbMcus:258 - Set plugin images path to: C:\ST\STM32CubeIDE_1.7.0\STM32CubeIDE\plugins\com.st.stm32cube.common.mx_6.3.0.202107141111\\db\/plugins/mcufinder/images/
2023-11-06 10:04:48,896 [INFO] DbBoards:264 - Set plugin images path to: C:\ST\STM32CubeIDE_1.7.0\STM32CubeIDE\plugins\com.st.stm32cube.common.mx_6.3.0.202107141111\\db\/plugins/mcufinder/images/
2023-11-06 10:04:48,899 [INFO] DbExamples:333 - Set plugin images path to: C:\ST\STM32CubeIDE_1.7.0\STM32CubeIDE\plugins\com.st.stm32cube.common.mx_6.3.0.202107141111\\db\/plugins/mcufinder/images/
2023-11-06 10:04:48,903 [INFO] DbMcusAds:119 - Set database path to: C:\Users\ASUS\.stmcufinder\plugins\mcufinder//mcu/
2023-11-06 10:04:48,903 [INFO] DbMcusDocs:110 - Set database path to: C:\Users\ASUS\.stmcufinder\plugins\mcufinder//mcu/
2023-11-06 10:04:48,906 [INFO] DbMcusJson:64 - Set database path to: C:\Users\ASUS\.stmcufinder\plugins\mcufinder//mcu/
2023-11-06 10:04:48,907 [INFO] DbBoardsDocs:110 - Set database path to: C:\Users\ASUS\.stmcufinder\plugins\mcufinder//mcu/
2023-11-06 10:04:48,908 [INFO] DbBoardsJson:57 - Set database path to: C:\Users\ASUS\.stmcufinder\plugins\mcufinder//mcu/
2023-11-06 10:04:48,910 [INFO] CrossReferenceDbSqlite:196 - Set database path to: C:\Users\ASUS\.stmcufinder\plugins\mcufinder//mcu/cs/
2023-11-06 10:04:48,914 [INFO] DbExamplesSqlite:767 - Set database path to: C:\Users\ASUS\.stmcufinder\plugins\mcufinder//mcu/
2023-11-06 10:04:49,007 [INFO] RulesReader:57 - Compatibility file has been processed (242 Rules)
2023-11-06 10:04:49,077 [INFO] DbMcusXml:74 - Set database path to: C:\ST\STM32CubeIDE_1.7.0\STM32CubeIDE\plugins\com.st.stm32cube.common.mx_6.3.0.202107141111\\db\/mcu/
2023-11-06 10:04:49,078 [INFO] DbBoardsPdsc:56 - Set plugin database path to: C:\ST\STM32CubeIDE_1.7.0\STM32CubeIDE\plugins\com.st.stm32cube.common.mx_6.3.0.202107141111\\db\/plugins/boardmanager/
2023-11-06 10:04:49,079 [INFO] DbMcus:258 - Set plugin images path to: C:\ST\STM32CubeIDE_1.7.0\STM32CubeIDE\plugins\com.st.stm32cube.common.mx_6.3.0.202107141111\\db\/plugins/mcufinder/images/
2023-11-06 10:04:49,079 [INFO] DbBoards:264 - Set plugin images path to: C:\ST\STM32CubeIDE_1.7.0\STM32CubeIDE\plugins\com.st.stm32cube.common.mx_6.3.0.202107141111\\db\/plugins/mcufinder/images/
2023-11-06 10:04:49,079 [INFO] DbExamples:333 - Set plugin images path to: C:\ST\STM32CubeIDE_1.7.0\STM32CubeIDE\plugins\com.st.stm32cube.common.mx_6.3.0.202107141111\\db\/plugins/mcufinder/images/
2023-11-06 10:04:49,079 [WARN] DbFile:35 - Overriding database path with different value: C:\Users\ASUS\.stmcufinder\plugins\mcufinder/ => C:\Users\ASUS\.stmcufinder\plugins\mcufinder
2023-11-06 10:04:49,079 [INFO] DbMcusAds:119 - Set database path to: C:\Users\ASUS\.stmcufinder\plugins\mcufinder//mcu/
2023-11-06 10:04:49,079 [WARN] DbFile:35 - Overriding database path with different value: C:\Users\ASUS\.stmcufinder\plugins\mcufinder/ => C:\Users\ASUS\.stmcufinder\plugins\mcufinder
2023-11-06 10:04:49,079 [INFO] DbMcusDocs:110 - Set database path to: C:\Users\ASUS\.stmcufinder\plugins\mcufinder//mcu/
2023-11-06 10:04:49,079 [WARN] DbFile:35 - Overriding database path with different value: C:\Users\ASUS\.stmcufinder\plugins\mcufinder/ => C:\Users\ASUS\.stmcufinder\plugins\mcufinder
2023-11-06 10:04:49,079 [INFO] DbMcusJson:64 - Set database path to: C:\Users\ASUS\.stmcufinder\plugins\mcufinder//mcu/
2023-11-06 10:04:49,080 [WARN] DbFile:35 - Overriding database path with different value: C:\Users\ASUS\.stmcufinder\plugins\mcufinder/ => C:\Users\ASUS\.stmcufinder\plugins\mcufinder
2023-11-06 10:04:49,080 [INFO] DbBoardsDocs:110 - Set database path to: C:\Users\ASUS\.stmcufinder\plugins\mcufinder//mcu/
2023-11-06 10:04:49,080 [WARN] DbFile:35 - Overriding database path with different value: C:\Users\ASUS\.stmcufinder\plugins\mcufinder/ => C:\Users\ASUS\.stmcufinder\plugins\mcufinder
2023-11-06 10:04:49,080 [INFO] DbBoardsJson:57 - Set database path to: C:\Users\ASUS\.stmcufinder\plugins\mcufinder//mcu/
2023-11-06 10:04:49,080 [WARN] DbFile:35 - Overriding database path with different value: C:\Users\ASUS\.stmcufinder\plugins\mcufinder/ => C:\Users\ASUS\.stmcufinder\plugins\mcufinder
2023-11-06 10:04:49,080 [WARN] DbFile:35 - Overriding database path with different value: C:\Users\ASUS\.stmcufinder\plugins\mcufinder/ => C:\Users\ASUS\.stmcufinder\plugins\mcufinder
2023-11-06 10:04:49,080 [INFO] CrossReferenceDbSqlite:196 - Set database path to: C:\Users\ASUS\.stmcufinder\plugins\mcufinder//mcu/cs/
2023-11-06 10:04:49,080 [WARN] DbFile:35 - Overriding database path with different value: C:\Users\ASUS\.stmcufinder\plugins\mcufinder/ => C:\Users\ASUS\.stmcufinder\plugins\mcufinder
2023-11-06 10:04:49,080 [INFO] DbExamplesSqlite:767 - Set database path to: C:\Users\ASUS\.stmcufinder\plugins\mcufinder//mcu/
2023-11-06 10:04:49,135 [INFO] MainPanel:214 - HeapMemory: 268435456
2023-11-06 10:04:49,197 [INFO] DbMcusXml:74 - Set database path to: C:\ST\STM32CubeIDE_1.7.0\STM32CubeIDE\plugins\com.st.stm32cube.common.mx_6.3.0.202107141111\\db\/mcu/
2023-11-06 10:04:49,197 [INFO] DbBoardsPdsc:56 - Set plugin database path to: C:\ST\STM32CubeIDE_1.7.0\STM32CubeIDE\plugins\com.st.stm32cube.common.mx_6.3.0.202107141111\\db\/plugins/boardmanager/
2023-11-06 10:04:49,197 [INFO] DbMcus:258 - Set plugin images path to: C:\ST\STM32CubeIDE_1.7.0\STM32CubeIDE\plugins\com.st.stm32cube.common.mx_6.3.0.202107141111\\db\/plugins/mcufinder/images/
2023-11-06 10:04:49,197 [INFO] DbBoards:264 - Set plugin images path to: C:\ST\STM32CubeIDE_1.7.0\STM32CubeIDE\plugins\com.st.stm32cube.common.mx_6.3.0.202107141111\\db\/plugins/mcufinder/images/
2023-11-06 10:04:49,197 [INFO] DbExamples:333 - Set plugin images path to: C:\ST\STM32CubeIDE_1.7.0\STM32CubeIDE\plugins\com.st.stm32cube.common.mx_6.3.0.202107141111\\db\/plugins/mcufinder/images/
2023-11-06 10:04:49,198 [WARN] DbFile:35 - Overriding database path with different value: C:\Users\ASUS\.stmcufinder\plugins\mcufinder/ => C:\Users\ASUS\.stmcufinder\plugins\mcufinder
2023-11-06 10:04:49,198 [INFO] DbMcusAds:119 - Set database path to: C:\Users\ASUS\.stmcufinder\plugins\mcufinder//mcu/
2023-11-06 10:04:49,198 [WARN] DbFile:35 - Overriding database path with different value: C:\Users\ASUS\.stmcufinder\plugins\mcufinder/ => C:\Users\ASUS\.stmcufinder\plugins\mcufinder
2023-11-06 10:04:49,198 [INFO] DbMcusDocs:110 - Set database path to: C:\Users\ASUS\.stmcufinder\plugins\mcufinder//mcu/
2023-11-06 10:04:49,198 [WARN] DbFile:35 - Overriding database path with different value: C:\Users\ASUS\.stmcufinder\plugins\mcufinder/ => C:\Users\ASUS\.stmcufinder\plugins\mcufinder
2023-11-06 10:04:49,198 [INFO] DbMcusJson:64 - Set database path to: C:\Users\ASUS\.stmcufinder\plugins\mcufinder//mcu/
2023-11-06 10:04:49,199 [WARN] DbFile:35 - Overriding database path with different value: C:\Users\ASUS\.stmcufinder\plugins\mcufinder/ => C:\Users\ASUS\.stmcufinder\plugins\mcufinder
2023-11-06 10:04:49,199 [INFO] DbBoardsDocs:110 - Set database path to: C:\Users\ASUS\.stmcufinder\plugins\mcufinder//mcu/
2023-11-06 10:04:49,199 [WARN] DbFile:35 - Overriding database path with different value: C:\Users\ASUS\.stmcufinder\plugins\mcufinder/ => C:\Users\ASUS\.stmcufinder\plugins\mcufinder
2023-11-06 10:04:49,199 [INFO] DbBoardsJson:57 - Set database path to: C:\Users\ASUS\.stmcufinder\plugins\mcufinder//mcu/
2023-11-06 10:04:49,199 [WARN] DbFile:35 - Overriding database path with different value: C:\Users\ASUS\.stmcufinder\plugins\mcufinder/ => C:\Users\ASUS\.stmcufinder\plugins\mcufinder
2023-11-06 10:04:49,199 [WARN] DbFile:35 - Overriding database path with different value: C:\Users\ASUS\.stmcufinder\plugins\mcufinder/ => C:\Users\ASUS\.stmcufinder\plugins\mcufinder
2023-11-06 10:04:49,199 [INFO] CrossReferenceDbSqlite:196 - Set database path to: C:\Users\ASUS\.stmcufinder\plugins\mcufinder//mcu/cs/
2023-11-06 10:04:49,199 [WARN] DbFile:35 - Overriding database path with different value: C:\Users\ASUS\.stmcufinder\plugins\mcufinder/ => C:\Users\ASUS\.stmcufinder\plugins\mcufinder
2023-11-06 10:04:49,200 [INFO] DbExamplesSqlite:767 - Set database path to: C:\Users\ASUS\.stmcufinder\plugins\mcufinder//mcu/
2023-11-06 10:04:49,217 [INFO] ApplicationProperties:181 - Using Application install path: C:\ST\STM32CubeIDE_1.7.0\STM32CubeIDE\plugins\com.st.stm32cube.common.mx_6.3.0.202107141111
2023-11-06 10:04:49,219 [INFO] PluginManage:188 - Search for loadable plugins [exclusion list=, ]
2023-11-06 10:04:49,220 [INFO] PluginManage:302 - Check plugin analytics
2023-11-06 10:04:49,365 [INFO] AnalyticsPlugin:257 - Accepted Software Licenses: 
2023-11-06 10:04:49,366 [INFO] AnalyticsPlugin:259 - Accepted CMSIS Pack Licenses: 
2023-11-06 10:04:49,366 [INFO] AnalyticsPlugin:261 - Accepted Firmware Licenses: 
2023-11-06 10:04:49,366 [INFO] PluginManage:352 - Loaded plugin analytics (category:tool,tabindex:-1)
2023-11-06 10:04:49,367 [INFO] PluginManage:302 - Check plugin clock
2023-11-06 10:04:49,375 [INFO] PluginManage:352 - Loaded plugin clock (category:base,tabindex:2)
2023-11-06 10:04:49,375 [INFO] PluginManage:302 - Check plugin ddr
2023-11-06 10:04:49,379 [INFO] PluginManage:352 - Loaded plugin ddr (category:tool,tabindex:6)
2023-11-06 10:04:49,379 [INFO] PluginManage:302 - Check plugin filemanager
2023-11-06 10:04:49,495 [INFO] PluginManage:352 - Loaded plugin filemanager (category:base,tabindex:10)
2023-11-06 10:04:49,495 [INFO] PluginManage:302 - Check plugin ipmanager
2023-11-06 10:04:49,502 [INFO] PluginManage:352 - Loaded plugin ipmanager (category:base,tabindex:5)
2023-11-06 10:04:49,502 [INFO] PluginManage:302 - Check plugin pinoutandconfiguration
2023-11-06 10:04:49,509 [INFO] PluginManage:352 - Loaded plugin pinoutandconfiguration (category:base,tabindex:1)
2023-11-06 10:04:49,510 [INFO] PluginManage:302 - Check plugin pinoutconfig
2023-11-06 10:04:49,536 [INFO] PluginManage:352 - Loaded plugin pinoutconfig (category:base,tabindex:0)
2023-11-06 10:04:49,536 [INFO] PluginManage:302 - Check plugin power
2023-11-06 10:04:49,544 [INFO] PluginManage:352 - Loaded plugin power (category:power,tabindex:4)
2023-11-06 10:04:49,545 [INFO] PluginManage:302 - Check plugin projectmanager
2023-11-06 10:04:49,559 [INFO] PluginManage:352 - Loaded plugin projectmanager (category:projectmanager,tabindex:3)
2023-11-06 10:04:49,560 [INFO] PluginManage:302 - Check plugin thirdparty
2023-11-06 10:04:49,688 [WARN] IntegrityCheckThread:78 - waiting for thirdparty lock release [integrity check]
2023-11-06 10:04:49,688 [INFO] PluginManage:352 - Loaded plugin thirdparty (category:base,tabindex:-1)
2023-11-06 10:04:49,689 [INFO] PluginManage:302 - Check plugin tools
2023-11-06 10:04:49,689 [INFO] IntegrityCheckThread:80 - entering critical section [integrity check]
2023-11-06 10:04:49,690 [INFO] ThirdPartyUpdaterWithRetryManager:66 - Updater plugin not ready yet. [1/15]
2023-11-06 10:04:49,691 [INFO] PluginManage:352 - Loaded plugin tools (category:base,tabindex:7)
2023-11-06 10:04:49,691 [INFO] PluginManage:302 - Check plugin tutovideos
2023-11-06 10:04:49,888 [INFO] PluginManage:352 - Loaded plugin tutovideos (category:base,tabindex:-1)
2023-11-06 10:04:49,889 [INFO] PluginManage:302 - Check plugin updater
2023-11-06 10:04:49,901 [INFO] PluginManage:352 - Loaded plugin updater (category:base,tabindex:12)
2023-11-06 10:04:49,902 [INFO] PluginManage:275 - PluginManage : Loaded plugins [13]
2023-11-06 10:04:50,057 [INFO] PinOutPanel:1463 - setPackage(No Configuration,No Configuration)
2023-11-06 10:04:50,135 [INFO] IPUIPlugin:74 - create IPUIPlugin
2023-11-06 10:04:50,135 [INFO] PluginManager:213 - loadIPPluginJar : add adc
2023-11-06 10:04:50,137 [INFO] IPUIPlugin:74 - create IPUIPlugin
2023-11-06 10:04:50,137 [INFO] PluginManager:213 - loadIPPluginJar : add aes
2023-11-06 10:04:50,140 [INFO] IPUIPlugin:74 - create IPUIPlugin
2023-11-06 10:04:50,140 [INFO] PluginManager:213 - loadIPPluginJar : add can
2023-11-06 10:04:50,142 [INFO] IPUIPlugin:74 - create IPUIPlugin
2023-11-06 10:04:50,142 [INFO] PluginManager:213 - loadIPPluginJar : add comp
2023-11-06 10:04:50,146 [INFO] IPUIPlugin:74 - create IPUIPlugin
2023-11-06 10:04:50,146 [INFO] PluginManager:213 - loadIPPluginJar : add cryp
2023-11-06 10:04:50,149 [INFO] IPUIPlugin:74 - create IPUIPlugin
2023-11-06 10:04:50,149 [INFO] PluginManager:213 - loadIPPluginJar : add dfsdm
2023-11-06 10:04:50,155 [INFO] IPUIPlugin:74 - create IPUIPlugin
2023-11-06 10:04:50,156 [INFO] PluginManager:213 - loadIPPluginJar : add dma
2023-11-06 10:04:50,159 [INFO] IPUIPlugin:74 - create IPUIPlugin
2023-11-06 10:04:50,159 [INFO] PluginManager:213 - loadIPPluginJar : add dma3
2023-11-06 10:04:50,161 [INFO] IPUIPlugin:74 - create IPUIPlugin
2023-11-06 10:04:50,161 [INFO] PluginManager:213 - loadIPPluginJar : add fatfs
2023-11-06 10:04:50,167 [INFO] IPUIPlugin:74 - create IPUIPlugin
2023-11-06 10:04:50,167 [INFO] PluginManager:213 - loadIPPluginJar : add fmc
2023-11-06 10:04:50,174 [INFO] IPUIPlugin:74 - create IPUIPlugin
2023-11-06 10:04:50,174 [INFO] PluginManager:213 - loadIPPluginJar : add freertos
2023-11-06 10:04:50,176 [INFO] IPUIPlugin:74 - create IPUIPlugin
2023-11-06 10:04:50,176 [INFO] PluginManager:213 - loadIPPluginJar : add genericplugin
2023-11-06 10:04:50,178 [INFO] IPUIPlugin:74 - create IPUIPlugin
2023-11-06 10:04:50,179 [INFO] PluginManager:213 - loadIPPluginJar : add gfxmmu
2023-11-06 10:04:50,183 [INFO] IPUIPlugin:74 - create IPUIPlugin
2023-11-06 10:04:50,185 [INFO] PluginManager:213 - loadIPPluginJar : add gic
2023-11-06 10:04:50,188 [INFO] IPUIPlugin:74 - create IPUIPlugin
2023-11-06 10:04:50,188 [INFO] PluginManager:213 - loadIPPluginJar : add gpio
2023-11-06 10:04:50,191 [INFO] IPUIPlugin:74 - create IPUIPlugin
2023-11-06 10:04:50,191 [INFO] PluginManager:213 - loadIPPluginJar : add gtzc
2023-11-06 10:04:50,193 [INFO] IPUIPlugin:74 - create IPUIPlugin
2023-11-06 10:04:50,193 [INFO] PluginManager:213 - loadIPPluginJar : add hash
2023-11-06 10:04:50,195 [INFO] IPUIPlugin:74 - create IPUIPlugin
2023-11-06 10:04:50,195 [INFO] PluginManager:213 - loadIPPluginJar : add i2c
2023-11-06 10:04:50,197 [INFO] IPUIPlugin:74 - create IPUIPlugin
2023-11-06 10:04:50,197 [INFO] PluginManager:213 - loadIPPluginJar : add i2s
2023-11-06 10:04:50,200 [INFO] IPUIPlugin:74 - create IPUIPlugin
2023-11-06 10:04:50,200 [INFO] PluginManager:213 - loadIPPluginJar : add ipddr
2023-11-06 10:04:50,207 [INFO] IPUIPlugin:74 - create IPUIPlugin
2023-11-06 10:04:50,208 [INFO] PluginManager:213 - loadIPPluginJar : add linkedlist
2023-11-06 10:04:50,210 [INFO] IPUIPlugin:74 - create IPUIPlugin
2023-11-06 10:04:50,210 [INFO] PluginManager:213 - loadIPPluginJar : add lorawan
2023-11-06 10:04:50,211 [INFO] IPUIPlugin:74 - create IPUIPlugin
2023-11-06 10:04:50,212 [INFO] PluginManager:213 - loadIPPluginJar : add ltdc
2023-11-06 10:04:50,215 [INFO] IPUIPlugin:74 - create IPUIPlugin
2023-11-06 10:04:50,215 [INFO] PluginManager:213 - loadIPPluginJar : add mdma
2023-11-06 10:04:50,218 [INFO] IPUIPlugin:74 - create IPUIPlugin
2023-11-06 10:04:50,218 [INFO] PluginManager:213 - loadIPPluginJar : add nvic
2023-11-06 10:04:50,220 [INFO] IPUIPlugin:74 - create IPUIPlugin
2023-11-06 10:04:50,220 [INFO] PluginManager:213 - loadIPPluginJar : add opamp
2023-11-06 10:04:50,223 [INFO] IPUIPlugin:74 - create IPUIPlugin
2023-11-06 10:04:50,223 [INFO] PluginManager:213 - loadIPPluginJar : add openamp
2023-11-06 10:04:50,226 [INFO] IPUIPlugin:74 - create IPUIPlugin
2023-11-06 10:04:50,226 [INFO] PluginManager:213 - loadIPPluginJar : add pdm2pcm
2023-11-06 10:04:50,232 [INFO] IPUIPlugin:74 - create IPUIPlugin
2023-11-06 10:04:50,235 [INFO] PluginManager:213 - loadIPPluginJar : add plateformsettings
2023-11-06 10:04:50,237 [INFO] IPUIPlugin:74 - create IPUIPlugin
2023-11-06 10:04:50,237 [INFO] PluginManager:213 - loadIPPluginJar : add quadspi
2023-11-06 10:04:50,240 [INFO] IPUIPlugin:74 - create IPUIPlugin
2023-11-06 10:04:50,240 [INFO] PluginManager:213 - loadIPPluginJar : add resmgrutility
2023-11-06 10:04:50,242 [INFO] IPUIPlugin:74 - create IPUIPlugin
2023-11-06 10:04:50,243 [INFO] PluginManager:213 - loadIPPluginJar : add sai
2023-11-06 10:04:50,245 [INFO] IPUIPlugin:74 - create IPUIPlugin
2023-11-06 10:04:50,245 [INFO] PluginManager:213 - loadIPPluginJar : add spi
2023-11-06 10:04:50,249 [INFO] IPUIPlugin:74 - create IPUIPlugin
2023-11-06 10:04:50,249 [INFO] PluginManager:213 - loadIPPluginJar : add stm32_wpan
2023-11-06 10:04:50,250 [INFO] IPUIPlugin:74 - create IPUIPlugin
2023-11-06 10:04:50,251 [INFO] PluginManager:213 - loadIPPluginJar : add tim
2023-11-06 10:04:50,253 [INFO] IPUIPlugin:74 - create IPUIPlugin
2023-11-06 10:04:50,253 [INFO] PluginManager:213 - loadIPPluginJar : add touchsensing
2023-11-06 10:04:50,255 [INFO] IPUIPlugin:74 - create IPUIPlugin
2023-11-06 10:04:50,255 [INFO] PluginManager:213 - loadIPPluginJar : add tracer_emb
2023-11-06 10:04:50,257 [INFO] IPUIPlugin:74 - create IPUIPlugin
2023-11-06 10:04:50,257 [INFO] PluginManager:213 - loadIPPluginJar : add ts
2023-11-06 10:04:50,258 [INFO] IPUIPlugin:74 - create IPUIPlugin
2023-11-06 10:04:50,258 [INFO] PluginManager:213 - loadIPPluginJar : add tsc
2023-11-06 10:04:50,259 [INFO] IPUIPlugin:74 - create IPUIPlugin
2023-11-06 10:04:50,260 [INFO] PluginManager:213 - loadIPPluginJar : add ucpd
2023-11-06 10:04:50,274 [INFO] IPUIPlugin:74 - create IPUIPlugin
2023-11-06 10:04:50,274 [INFO] PluginManager:213 - loadIPPluginJar : add usart
2023-11-06 10:04:50,280 [INFO] IPUIPlugin:74 - create IPUIPlugin
2023-11-06 10:04:50,280 [INFO] PluginManager:213 - loadIPPluginJar : add usbx
2023-11-06 10:04:50,595 [FATAL] Updater:294 - Updater called before beeing initialized
2023-11-06 10:04:50,700 [FATAL] Updater:294 - Updater called before beeing initialized
2023-11-06 10:04:50,704 [INFO] DbMcusAds:47 - JSON generation date=Tue Mar 07 15:50:55 ICT 2023 (1678179055335)
2023-11-06 10:04:50,705 [FATAL] Updater:294 - Updater called before beeing initialized
2023-11-06 10:04:50,742 [WARN] DetailPanel:314 - Failed to get advertising image, set to default
2023-11-06 10:04:50,845 [FATAL] Updater:294 - Updater called before beeing initialized
2023-11-06 10:04:50,847 [FATAL] Updater:294 - Updater called before beeing initialized
2023-11-06 10:04:50,847 [FATAL] Updater:294 - Updater called before beeing initialized
2023-11-06 10:04:50,847 [WARN] DetailPanel:314 - Failed to get advertising image, set to default
2023-11-06 10:04:50,849 [FATAL] Updater:294 - Updater called before beeing initialized
2023-11-06 10:04:50,903 [ERROR] Updater:1075 - MainUpdater not yet initialized. External WinMGr cannot be set.
2023-11-06 10:04:50,906 [INFO] Updater:1012 - Updater Version found : 6.3.0
2023-11-06 10:04:50,922 [INFO] ApplicationProperties:181 - Using Application install path: C:\ST\STM32CubeIDE_1.7.0\STM32CubeIDE\plugins\com.st.stm32cube.common.mx_6.3.0.202107141111
2023-11-06 10:04:51,315 [INFO] MainUpdater:2671 - connection check result : 10
2023-11-06 10:04:51,315 [INFO] MainUpdater:265 - Updater Check For Update Now.
2023-11-06 10:04:51,315 [INFO] MicroXplorer:478 - Change Database Version : DB.6.0.30
2023-11-06 10:04:51,475 [INFO] CheckServerUpdateThread:112 - End of CheckServer Thread
2023-11-06 10:04:51,536 [INFO] MainUpdater:2671 - connection check result : 10
2023-11-06 10:04:51,538 [INFO] McuFinderGlobals:52 - Set McuFinderConnectedMode to true
2023-11-06 10:04:52,705 [WARN] MainUpdater:1122 - Updater busy. Cannot search thirdparties
2023-11-06 10:04:52,705 [INFO] ThirdPartyUpdaterWithRetryManager:92 - Updater plugin is busy. [1/15]
2023-11-06 10:04:53,934 [INFO] ServerAccessManage:362 - Download File mcusAds.json._tmp_
2023-11-06 10:04:54,043 [INFO] LoadUrlFilesThread:145 - End of LoadUrlFiles Thread
2023-11-06 10:04:55,466 [INFO] ServerAccessManage:362 - Download File mcusDocs.json._tmp_
2023-11-06 10:04:55,711 [WARN] MainUpdater:1122 - Updater busy. Cannot search thirdparties
2023-11-06 10:04:55,711 [INFO] ThirdPartyUpdaterWithRetryManager:92 - Updater plugin is busy. [2/15]
2023-11-06 10:04:57,754 [INFO] LoadUrlFilesThread:145 - End of LoadUrlFiles Thread
2023-11-06 10:04:58,081 [INFO] ServerAccessManage:362 - Download File mcusFeaturesAndDescription.json._tmp_
2023-11-06 10:04:58,726 [WARN] MainUpdater:1122 - Updater busy. Cannot search thirdparties
2023-11-06 10:04:58,726 [INFO] ThirdPartyUpdaterWithRetryManager:92 - Updater plugin is busy. [3/15]
2023-11-06 10:05:01,726 [WARN] MainUpdater:1122 - Updater busy. Cannot search thirdparties
2023-11-06 10:05:01,726 [INFO] ThirdPartyUpdaterWithRetryManager:92 - Updater plugin is busy. [4/15]
2023-11-06 10:05:04,738 [WARN] MainUpdater:1122 - Updater busy. Cannot search thirdparties
2023-11-06 10:05:04,738 [INFO] ThirdPartyUpdaterWithRetryManager:92 - Updater plugin is busy. [5/15]
2023-11-06 10:05:07,748 [WARN] MainUpdater:1122 - Updater busy. Cannot search thirdparties
2023-11-06 10:05:07,748 [INFO] ThirdPartyUpdaterWithRetryManager:92 - Updater plugin is busy. [6/15]
2023-11-06 10:05:10,755 [WARN] MainUpdater:1122 - Updater busy. Cannot search thirdparties
2023-11-06 10:05:10,755 [INFO] ThirdPartyUpdaterWithRetryManager:92 - Updater plugin is busy. [7/15]
2023-11-06 10:05:11,731 [INFO] LoadUrlFilesThread:145 - End of LoadUrlFiles Thread
2023-11-06 10:05:12,276 [INFO] ServerAccessManage:362 - Download File boardsDocs.json._tmp_
2023-11-06 10:05:13,208 [INFO] LoadUrlFilesThread:145 - End of LoadUrlFiles Thread
2023-11-06 10:05:13,558 [INFO] ServerAccessManage:362 - Download File boards.json._tmp_
2023-11-06 10:05:13,763 [WARN] MainUpdater:1122 - Updater busy. Cannot search thirdparties
2023-11-06 10:05:13,763 [INFO] ThirdPartyUpdaterWithRetryManager:92 - Updater plugin is busy. [8/15]
2023-11-06 10:05:15,331 [INFO] LoadUrlFilesThread:145 - End of LoadUrlFiles Thread
2023-11-06 10:05:15,808 [INFO] ServerAccessManage:362 - Download File cube-finder-db.zip
2023-11-06 10:05:16,770 [WARN] MainUpdater:1122 - Updater busy. Cannot search thirdparties
2023-11-06 10:05:16,770 [INFO] ThirdPartyUpdaterWithRetryManager:92 - Updater plugin is busy. [9/15]
2023-11-06 10:05:19,775 [WARN] MainUpdater:1122 - Updater busy. Cannot search thirdparties
2023-11-06 10:05:19,775 [INFO] ThirdPartyUpdaterWithRetryManager:92 - Updater plugin is busy. [10/15]
2023-11-06 10:05:22,776 [WARN] MainUpdater:1122 - Updater busy. Cannot search thirdparties
2023-11-06 10:05:22,776 [INFO] ThirdPartyUpdaterWithRetryManager:92 - Updater plugin is busy. [11/15]
2023-11-06 10:05:25,792 [WARN] MainUpdater:1122 - Updater busy. Cannot search thirdparties
2023-11-06 10:05:25,792 [INFO] ThirdPartyUpdaterWithRetryManager:92 - Updater plugin is busy. [12/15]
2023-11-06 10:05:28,798 [WARN] MainUpdater:1122 - Updater busy. Cannot search thirdparties
2023-11-06 10:05:28,798 [INFO] ThirdPartyUpdaterWithRetryManager:92 - Updater plugin is busy. [13/15]
2023-11-06 10:05:31,802 [WARN] MainUpdater:1122 - Updater busy. Cannot search thirdparties
2023-11-06 10:05:31,802 [INFO] ThirdPartyUpdaterWithRetryManager:92 - Updater plugin is busy. [14/15]
2023-11-06 10:05:34,811 [WARN] MainUpdater:1122 - Updater busy. Cannot search thirdparties
2023-11-06 10:05:34,812 [INFO] ThirdPartyUpdaterWithRetryManager:92 - Updater plugin is busy. [15/15]
2023-11-06 10:05:34,813 [ERROR] IntegrityCheckThread:124 - Cannot retrieve database content from updater: error -1
2023-11-06 10:05:34,813 [INFO] ThirdParty:915 - Integrity check success = false
2023-11-06 10:05:34,813 [INFO] IntegrityCheckThread:94 - exiting critical section [integrity check]
2023-11-06 10:05:34,813 [INFO] IntegrityCheckThread:97 - End integrity checks thread
2023-11-06 10:05:58,618 [INFO] FileExtend:235 - Unzip File : cube-finder-db.zip
2023-11-06 10:05:58,619 [INFO] FileExtend:250 - Standard Zip Deflate
2023-11-06 10:05:59,474 [INFO] LoadUrlFilesThread:145 - End of LoadUrlFiles Thread
2023-11-06 10:06:00,927 [INFO] ServerAccessManage:362 - Download File crdb.zip
2023-11-06 10:06:12,517 [INFO] FileExtend:235 - Unzip File : crdb.zip
2023-11-06 10:06:12,518 [INFO] FileExtend:250 - Standard Zip Deflate
2023-11-06 10:06:12,680 [INFO] LoadUrlFilesThread:145 - End of LoadUrlFiles Thread
2023-11-06 10:06:12,966 [INFO] ServerAccessManage:362 - Download File tutoVideoDB.zip
2023-11-06 10:06:13,210 [INFO] FileExtend:235 - Unzip File : tutoVideoDB.zip
2023-11-06 10:06:13,210 [INFO] FileExtend:250 - Standard Zip Deflate
2023-11-06 10:06:13,336 [INFO] LoadUrlFilesThread:145 - End of LoadUrlFiles Thread
2023-11-06 10:06:13,337 [INFO] DbMcusAds:47 - JSON generation date=Tue Mar 07 15:50:55 ICT 2023 (1678179055335)
2023-11-06 10:06:13,353 [INFO] DbMcusDocs:143 - JSON generation date=Tue Nov 16 23:17:54 ICT 2021 (1637079474)
2023-11-06 10:06:13,355 [INFO] DbMcusXml:100 - Load MCU database from C:\ST\STM32CubeIDE_1.7.0\STM32CubeIDE\plugins\com.st.stm32cube.common.mx_6.3.0.202107141111\\db\/mcu/families.xml
2023-11-06 10:06:14,602 [INFO] DbMcusJson:93 - JSON generation date=Tue Nov 16 23:17:54 ICT 2021 (1637079474)
2023-11-06 10:06:15,688 [INFO] DbMcus:175 - Found 1951 MCUs (1903 are supported by CubeMX, 1914 are visible in CubeMX)
2023-11-06 10:06:15,689 [INFO] ApiDb:251 - Load user favorites file C:\Users\ASUS/.stm32cubeide/favorites.mcus.txt: 0 item(s)
2023-11-06 10:06:15,689 [INFO] ApiDb:255 - User favorites MCUs=[]
2023-11-06 10:06:15,689 [INFO] DbMcus:187 - Set 0 / 0 favorites MCUs
2023-11-06 10:06:16,657 [INFO] DbMcusDocs:79 - Found 682 MCUs documents
2023-11-06 10:06:16,659 [INFO] ApiDb:276 - Save user favorites file C:\Users\ASUS/.stm32cubeide/favorites.mcus.txt: 0 item(s)
2023-11-06 10:06:16,659 [INFO] ApiDb:280 - User favorites MCUs=[]
2023-11-06 10:06:16,660 [INFO] DbMcusXml:100 - Load MCU database from C:\ST\STM32CubeIDE_1.7.0\STM32CubeIDE\plugins\com.st.stm32cube.common.mx_6.3.0.202107141111\\db\/mcu/families.xml
2023-11-06 10:06:17,716 [INFO] DbMcusJson:93 - JSON generation date=Tue Nov 16 23:17:54 ICT 2021 (1637079474)
2023-11-06 10:06:18,691 [INFO] DbMcus:175 - Found 1951 MCUs (1903 are supported by CubeMX, 1914 are visible in CubeMX)
2023-11-06 10:06:18,692 [INFO] ApiDb:251 - Load user favorites file C:\Users\ASUS/.stm32cubeide/favorites.mcus.txt: 0 item(s)
2023-11-06 10:06:18,692 [INFO] ApiDb:255 - User favorites MCUs=[]
2023-11-06 10:06:18,692 [INFO] DbMcus:187 - Set 0 / 0 favorites MCUs
2023-11-06 10:06:18,699 [INFO] DbBoardsDocs:143 - JSON generation date=Tue Nov 16 23:17:54 ICT 2021 (1637079474)
2023-11-06 10:06:18,709 [INFO] DbBoardsPdsc:90 - Found 25 items
2023-11-06 10:06:18,710 [INFO] DbBoardsPdsc:90 - Found 9 items
2023-11-06 10:06:18,726 [INFO] DbBoardsPdsc:90 - Found 33 items
2023-11-06 10:06:18,729 [INFO] DbBoardsPdsc:90 - Found 1 items
2023-11-06 10:06:18,741 [INFO] DbBoardsPdsc:90 - Found 48 items
2023-11-06 10:06:18,757 [INFO] DbBoardsPdsc:90 - Found 43 items
2023-11-06 10:06:18,759 [INFO] DbBoardsPdsc:90 - Found 2 items
2023-11-06 10:06:18,762 [INFO] DbBoardsPdsc:90 - Found 5 items
2023-11-06 10:06:18,771 [WARN] DbBoardsPdsc:254 - Board STM32H7B3I-DK: unknown feature type=Audio, name=, username=Audio stereo codec with Headphone Amp (CS42L51-CNZ), n=1
2023-11-06 10:06:18,772 [WARN] DbBoardsPdsc:254 - Board STM32H735G-DK: unknown feature type=Audio, name=, username=Audio stereo codec with Headphone Amp (WM8994ECS/R), n=1
2023-11-06 10:06:18,773 [WARN] DbBoardsPdsc:254 - Board STM32H7B3I-EVAL: unknown feature type=Audio, name=, username=Multi-Channel Audio Codec (CS42L51-CNZ), n=1
2023-11-06 10:06:18,774 [WARN] DbBoardsPdsc:254 - Board STM32H7B3I-EVAL: unknown feature type=Meter, name=, username=Power-metering and Temperature-monitoring with sigma-delta modulators, n=1
2023-11-06 10:06:18,774 [WARN] DbBoardsPdsc:254 - Board STM32H7B3I-EVAL: unknown feature type=Motor, name=, username=Motor Control, n=1
2023-11-06 10:06:18,775 [WARN] DbBoardsPdsc:254 - Board STM32U575I-EV: unknown feature type=joystick, name=, username=4-direction joystick with selection button, n=1
2023-11-06 10:06:18,809 [INFO] DbBoardsJson:86 - JSON generation date=Tue Nov 16 23:17:54 ICT 2021 (1637079474)
2023-11-06 10:06:18,821 [INFO] DbBoards:117 - Found 167 boards (163 are supported by CubeMX)
2023-11-06 10:06:18,825 [INFO] DbBoardsDocs:143 - JSON generation date=Tue Nov 16 23:17:54 ICT 2021 (1637079474)
2023-11-06 10:06:18,833 [INFO] DbBoardsDocs:79 - Found 209 boards documents
2023-11-06 10:06:18,836 [WARN] DbBoards:127 - board B-L475E-IOT01A2 has no document id list !
2023-11-06 10:06:18,837 [WARN] DbBoards:127 - board NUCLEO-H743ZI has no document id list !
2023-11-06 10:06:18,839 [WARN] DbBoards:127 - board NUCLEO-WL55JC2 has no document id list !
2023-11-06 10:06:18,839 [WARN] DbBoards:127 - board P-NUCLEO-WB55-Nucleo has no document id list !
2023-11-06 10:06:18,839 [WARN] DbBoards:127 - board P-NUCLEO-WB55-USBDongle has no document id list !
2023-11-06 10:06:18,840 [WARN] DbBoards:127 - board STEVAL-BFA001V1B has no document id list !
2023-11-06 10:06:18,840 [WARN] DbBoards:127 - board STEVAL-BFA001V2B has no document id list !
2023-11-06 10:06:18,840 [WARN] DbBoards:127 - board STEVAL-IDP005V1 has no document id list !
2023-11-06 10:06:18,840 [WARN] DbBoards:127 - board STEVAL-IDP005V2 has no document id list !
2023-11-06 10:06:18,840 [WARN] DbBoards:127 - board STEVAL-MKSBOX1V1 has no document id list !
2023-11-06 10:06:18,840 [WARN] DbBoards:127 - board STEVAL-STWINKT1 has no document id list !
2023-11-06 10:06:18,840 [WARN] DbBoards:127 - board STEVAL-STWINKT1B has no document id list !
2023-11-06 10:06:18,841 [WARN] DbBoards:127 - board STM32439I-EVAL2 has no document id list !
2023-11-06 10:06:18,841 [WARN] DbBoards:127 - board STM32F401C-DISCO has no document id list !
2023-11-06 10:06:18,842 [WARN] DbBoards:127 - board STM32F769I-DISC1 has no document id list !
2023-11-06 10:06:18,843 [WARN] DbBoards:127 - board STM32G474E-EVAL1 has no document id list !
2023-11-06 10:06:18,843 [WARN] DbBoards:127 - board STM32H743I-EVAL2 has no document id list !
2023-11-06 10:06:18,844 [WARN] DbBoards:127 - board STM32H747I-DISC1 has no document id list !
2023-11-06 10:06:18,845 [WARN] DbBoards:127 - board STM32H753I-EVAL2 has no document id list !
2023-11-06 10:06:18,846 [WARN] DbBoards:127 - board STM32L-DISCOVERY has no document id list !
2023-11-06 10:06:19,187 [ERROR] DbBoards:189 - Image file not found for board B-U585I-IOT02A: C:\ST\STM32CubeIDE_1.7.0\STM32CubeIDE\plugins\com.st.stm32cube.common.mx_6.3.0.202107141111\\db\/plugins/mcufinder/images/boards/B-U585I-IOT02A_small.jpg
2023-11-06 10:06:19,378 [ERROR] DbBoards:189 - Image file not found for board NUCLEO-F413ZH: C:\ST\STM32CubeIDE_1.7.0\STM32CubeIDE\plugins\com.st.stm32cube.common.mx_6.3.0.202107141111\\db\/plugins/mcufinder/images/boards/nucleo-f413zh_small.jpg
2023-11-06 10:06:19,637 [ERROR] DbBoards:189 - Image file not found for board NUCLEO-L552ZE-Q: C:\ST\STM32CubeIDE_1.7.0\STM32CubeIDE\plugins\com.st.stm32cube.common.mx_6.3.0.202107141111\\db\/plugins/mcufinder/images/boards/nucleo_l552ze_q_small.jpg
2023-11-06 10:06:19,637 [ERROR] DbBoards:189 - Image file not found for board NUCLEO-U575ZI-Q: C:\ST\STM32CubeIDE_1.7.0\STM32CubeIDE\plugins\com.st.stm32cube.common.mx_6.3.0.202107141111\\db\/plugins/mcufinder/images/boards/nucleo-u575zi-q_small.jpg
2023-11-06 10:06:19,637 [ERROR] DbBoards:189 - Image file not found for board NUCLEO-WB15CC: C:\ST\STM32CubeIDE_1.7.0\STM32CubeIDE\plugins\com.st.stm32cube.common.mx_6.3.0.202107141111\\db\/plugins/mcufinder/images/boards/nucleo-wb15cc_small.jpg
2023-11-06 10:06:19,637 [ERROR] DbBoards:189 - Image file not found for board NUCLEO-WB55RG: C:\ST\STM32CubeIDE_1.7.0\STM32CubeIDE\plugins\com.st.stm32cube.common.mx_6.3.0.202107141111\\db\/plugins/mcufinder/images/boards/nucleo-wb55rg_small.jpg
2023-11-06 10:06:21,502 [INFO] ApiDb:251 - Load user favorites file C:\Users\ASUS/.stm32cubeide/favorites.boards.txt: 0 item(s)
2023-11-06 10:06:21,502 [INFO] ApiDb:255 - User favorites Boards=[]
2023-11-06 10:06:21,502 [INFO] DbBoards:206 - Set 0 / 0 favorites Boards
2023-11-06 10:06:21,505 [INFO] DbBoardsDocs:79 - Found 418 boards documents
2023-11-06 10:06:21,505 [INFO] ApiDb:276 - Save user favorites file C:\Users\ASUS/.stm32cubeide/favorites.boards.txt: 0 item(s)
2023-11-06 10:06:21,506 [INFO] ApiDb:280 - User favorites Boards=[]
2023-11-06 10:06:21,509 [INFO] DbBoardsPdsc:90 - Found 25 items
2023-11-06 10:06:21,510 [INFO] DbBoardsPdsc:90 - Found 9 items
2023-11-06 10:06:21,513 [INFO] DbBoardsPdsc:90 - Found 33 items
2023-11-06 10:06:21,515 [INFO] DbBoardsPdsc:90 - Found 1 items
2023-11-06 10:06:21,523 [INFO] DbBoardsPdsc:90 - Found 48 items
2023-11-06 10:06:21,530 [INFO] DbBoardsPdsc:90 - Found 43 items
2023-11-06 10:06:21,531 [INFO] DbBoardsPdsc:90 - Found 2 items
2023-11-06 10:06:21,533 [INFO] DbBoardsPdsc:90 - Found 5 items
2023-11-06 10:06:21,538 [WARN] DbBoardsPdsc:254 - Board STM32H7B3I-DK: unknown feature type=Audio, name=, username=Audio stereo codec with Headphone Amp (CS42L51-CNZ), n=1
2023-11-06 10:06:21,538 [WARN] DbBoardsPdsc:254 - Board STM32H735G-DK: unknown feature type=Audio, name=, username=Audio stereo codec with Headphone Amp (WM8994ECS/R), n=1
2023-11-06 10:06:21,541 [WARN] DbBoardsPdsc:254 - Board STM32H7B3I-EVAL: unknown feature type=Audio, name=, username=Multi-Channel Audio Codec (CS42L51-CNZ), n=1
2023-11-06 10:06:21,541 [WARN] DbBoardsPdsc:254 - Board STM32H7B3I-EVAL: unknown feature type=Meter, name=, username=Power-metering and Temperature-monitoring with sigma-delta modulators, n=1
2023-11-06 10:06:21,541 [WARN] DbBoardsPdsc:254 - Board STM32H7B3I-EVAL: unknown feature type=Motor, name=, username=Motor Control, n=1
2023-11-06 10:06:21,542 [WARN] DbBoardsPdsc:254 - Board STM32U575I-EV: unknown feature type=joystick, name=, username=4-direction joystick with selection button, n=1
2023-11-06 10:06:21,562 [INFO] DbBoardsJson:86 - JSON generation date=Tue Nov 16 23:17:54 ICT 2021 (1637079474)
2023-11-06 10:06:21,566 [INFO] DbBoards:117 - Found 167 boards (163 are supported by CubeMX)
2023-11-06 10:06:21,567 [WARN] DbBoards:127 - board B-L475E-IOT01A2 has no document id list !
2023-11-06 10:06:21,569 [WARN] DbBoards:127 - board NUCLEO-H743ZI has no document id list !
2023-11-06 10:06:21,570 [WARN] DbBoards:127 - board NUCLEO-WL55JC2 has no document id list !
2023-11-06 10:06:21,570 [WARN] DbBoards:127 - board P-NUCLEO-WB55-Nucleo has no document id list !
2023-11-06 10:06:21,570 [WARN] DbBoards:127 - board P-NUCLEO-WB55-USBDongle has no document id list !
2023-11-06 10:06:21,570 [WARN] DbBoards:127 - board STEVAL-BFA001V1B has no document id list !
2023-11-06 10:06:21,570 [WARN] DbBoards:127 - board STEVAL-BFA001V2B has no document id list !
2023-11-06 10:06:21,570 [WARN] DbBoards:127 - board STEVAL-IDP005V1 has no document id list !
2023-11-06 10:06:21,570 [WARN] DbBoards:127 - board STEVAL-IDP005V2 has no document id list !
2023-11-06 10:06:21,570 [WARN] DbBoards:127 - board STEVAL-MKSBOX1V1 has no document id list !
2023-11-06 10:06:21,571 [WARN] DbBoards:127 - board STEVAL-STWINKT1 has no document id list !
2023-11-06 10:06:21,571 [WARN] DbBoards:127 - board STEVAL-STWINKT1B has no document id list !
2023-11-06 10:06:21,571 [WARN] DbBoards:127 - board STM32439I-EVAL2 has no document id list !
2023-11-06 10:06:21,571 [WARN] DbBoards:127 - board STM32F401C-DISCO has no document id list !
2023-11-06 10:06:21,571 [WARN] DbBoards:127 - board STM32F769I-DISC1 has no document id list !
2023-11-06 10:06:21,571 [WARN] DbBoards:127 - board STM32G474E-EVAL1 has no document id list !
2023-11-06 10:06:21,571 [WARN] DbBoards:127 - board STM32H743I-EVAL2 has no document id list !
2023-11-06 10:06:21,572 [WARN] DbBoards:127 - board STM32H747I-DISC1 has no document id list !
2023-11-06 10:06:21,572 [WARN] DbBoards:127 - board STM32H753I-EVAL2 has no document id list !
2023-11-06 10:06:21,572 [WARN] DbBoards:127 - board STM32L-DISCOVERY has no document id list !
2023-11-06 10:06:21,671 [ERROR] DbBoards:189 - Image file not found for board B-U585I-IOT02A: C:\ST\STM32CubeIDE_1.7.0\STM32CubeIDE\plugins\com.st.stm32cube.common.mx_6.3.0.202107141111\\db\/plugins/mcufinder/images/boards/B-U585I-IOT02A_small.jpg
2023-11-06 10:06:21,773 [ERROR] DbBoards:189 - Image file not found for board NUCLEO-F413ZH: C:\ST\STM32CubeIDE_1.7.0\STM32CubeIDE\plugins\com.st.stm32cube.common.mx_6.3.0.202107141111\\db\/plugins/mcufinder/images/boards/nucleo-f413zh_small.jpg
2023-11-06 10:06:22,041 [ERROR] DbBoards:189 - Image file not found for board NUCLEO-L552ZE-Q: C:\ST\STM32CubeIDE_1.7.0\STM32CubeIDE\plugins\com.st.stm32cube.common.mx_6.3.0.202107141111\\db\/plugins/mcufinder/images/boards/nucleo_l552ze_q_small.jpg
2023-11-06 10:06:22,041 [ERROR] DbBoards:189 - Image file not found for board NUCLEO-U575ZI-Q: C:\ST\STM32CubeIDE_1.7.0\STM32CubeIDE\plugins\com.st.stm32cube.common.mx_6.3.0.202107141111\\db\/plugins/mcufinder/images/boards/nucleo-u575zi-q_small.jpg
2023-11-06 10:06:22,041 [ERROR] DbBoards:189 - Image file not found for board NUCLEO-WB15CC: C:\ST\STM32CubeIDE_1.7.0\STM32CubeIDE\plugins\com.st.stm32cube.common.mx_6.3.0.202107141111\\db\/plugins/mcufinder/images/boards/nucleo-wb15cc_small.jpg
2023-11-06 10:06:22,042 [ERROR] DbBoards:189 - Image file not found for board NUCLEO-WB55RG: C:\ST\STM32CubeIDE_1.7.0\STM32CubeIDE\plugins\com.st.stm32cube.common.mx_6.3.0.202107141111\\db\/plugins/mcufinder/images/boards/nucleo-wb55rg_small.jpg
2023-11-06 10:06:23,049 [INFO] ApiDb:251 - Load user favorites file C:\Users\ASUS/.stm32cubeide/favorites.boards.txt: 0 item(s)
2023-11-06 10:06:23,049 [INFO] ApiDb:255 - User favorites Boards=[]
2023-11-06 10:06:23,049 [INFO] DbBoards:206 - Set 0 / 0 favorites Boards
2023-11-06 10:06:23,061 [INFO] LoadUrlFilesThread:172 - End of LoadServerUrlFiles without Thread
2023-11-06 10:06:23,062 [INFO] TargetSelectorAdapter:224 - Refresh data is successful
2023-11-06 10:06:23,176 [INFO] ApiDb:479 - Connected to CubeFinder SQLite database (C:\Users\ASUS\.stmcufinder\plugins\mcufinder\mcu\cube-finder-db.db)
2023-11-06 10:06:24,407 [ERROR] DbExamplesSqlite:446 - Missing JSON key: board_cpn
2023-11-06 10:06:24,407 [ERROR] DbExamplesSqlite:446 - Missing JSON key: board_cpn
2023-11-06 10:06:24,408 [ERROR] DbExamplesSqlite:446 - Missing JSON key: board_cpn
2023-11-06 10:06:24,408 [ERROR] DbExamplesSqlite:446 - Missing JSON key: board_cpn
2023-11-06 10:06:24,415 [INFO] DbExamplesSqlite:411 - Ignored 27 examples not supported by CubeIDE
2023-11-06 10:06:24,415 [INFO] DbExamplesSqlite:412 - Found 7221 examples active
2023-11-06 10:06:24,416 [INFO] DbExamplesSqlite:413 - Found 777 examples obsolete
2023-11-06 10:06:24,416 [INFO] DbExamplesSqlite:414 - Found 0 examples under development
2023-11-06 10:06:24,416 [INFO] DbExamplesSqlite:415 - Found 74 examples not building
2023-11-06 10:06:24,484 [INFO] DbExamplesSqlite:108 - CubeFinder database Data Model version=2.1
2023-11-06 10:06:24,485 [INFO] DbExamplesSqlite:109 - CubeFinder database Configuration version=3.0.37
2023-11-06 10:06:24,485 [INFO] DbExamplesSqlite:110 - CubeFinder database generation date=2023-10-13 (1697197505)
2023-11-06 10:06:24,485 [INFO] DbExamplesSqlite:111 - CubeFinder database FW Pack versions=[FP-ATR-ASTRA1_V2.0.0, FP-SNS-FLIGHT1_V5.0.1, FP-SNS-FLIGHT1_V5.0.2, FP-SNS-MOTENV1_V4.3.1, FP-SNS-MOTENV1_V4.3.2, FP-SNS-SMARTAG2_V1.2.0, I-CUBE-ITTIADB_V8.6.3-1, STM32Cube_FW_C0_V1.1.0, STM32Cube_FW_F4_V1.27.1, STM32Cube_FW_F7_V1.17.0, STM32Cube_FW_G0_V1.6.1, STM32Cube_FW_G4_V1.5.1, STM32Cube_FW_H5_V0.5.1, STM32Cube_FW_H5_V1.1.1, STM32Cube_FW_H7_V1.11.0, STM32Cube_FW_L0_V1.12.2, STM32Cube_FW_L5_V1.5.0, STM32Cube_FW_U5_V1.3.0, STM32Cube_FW_U5_V1.3.0RC4, STM32Cube_FW_WBA_V1.0.0RC1, STM32Cube_FW_WBA_V1.1.0RC1, STM32Cube_FW_WBA_V1.1.1, STM32Cube_FW_WB_V1.15.0RC1, STM32Cube_FW_WB_V1.16.0, STM32Cube_FW_WB_V1.16.0RC2, STM32Cube_FW_WB_V1.17.3, STM32Cube_FW_WL_V1.3.0, X-CUBE-ALGOBUILD_V1.3.0, X-CUBE-ALS_V1.0.1, X-CUBE-AZRTOS-F4_V1.1.0, X-CUBE-AZRTOS-F7_V1.1.0, X-CUBE-AZRTOS-G0_V1.1.0, X-CUBE-AZRTOS-G4_V2.0.0, X-CUBE-AZRTOS-H7_V3.1.0, X-CUBE-AZRTOS-L4_V1.0.0, X-CUBE-AZRTOS-L4_V2.0.0, X-CUBE-AZRTOS-L5_V1.1.0, X-CUBE-AZRTOS-WB_V2.0.0, X-CUBE-AZRTOS-WL_V2.0.0, X-CUBE-BLE1_V7.0.0, X-CUBE-BLE2_V3.3.0, X-CUBE-BLEMGR_V2.0.0, X-CUBE-EEPRMA1_V4.1.0, X-CUBE-FREERTOS_V1.1.0, X-CUBE-GNSS1_V6.0.0, X-CUBE-MEMS1_V10.0.0, X-CUBE-MEMS1_V9.1.0, X-CUBE-MEMS1_V9.4.0, X-CUBE-MEMS1_V9.6.0, X-CUBE-NFC4_V3.0.0, X-CUBE-NFC7_V1.0.1, X-CUBE-SFXS2LP1_V4.0.0, X-CUBE-SUBG2_V5.0.0, X-CUBE-TOF1_V3.3.1]
2023-11-06 10:06:24,486 [INFO] DbExamples:130 - Found 7268 examples
2023-11-06 10:06:25,556 [ERROR] DbExamples:206 - Found 7268 examples with invalid data (board or MCU)
2023-11-06 10:06:25,556 [INFO] DbExamples:222 - Found 79 boards with related examples
2023-11-06 10:06:25,556 [INFO] DbExamples:235 - Found 0 MCUs with related examples
2023-11-06 10:06:25,576 [INFO] ApiDb:242 - User favorites file not found: C:\Users\ASUS/.stm32cubeide/favorites.examples.txt
2023-11-06 10:06:25,576 [INFO] DbExamples:256 - Set 0 / 0 favorites Examples
2023-11-06 10:06:25,707 [INFO] McuFinderGlobals:52 - Set McuFinderConnectedMode to false
2023-11-06 10:06:25,790 [INFO] CrossSelectorPresenter:1330 - Cross Selector saved comparison directory: C:\Users\ASUS\.stmcufinder\plugins\mcufinder\mcu\cs_comparisons_mx
2023-11-06 10:06:25,795 [INFO] MultiScanPanel:197 - Auto-refresh data requested => check proxy status ongoing
2023-11-06 10:06:25,795 [INFO] MultiScanPanel:201 - Proxy status is invalid
2023-11-06 10:06:25,797 [INFO] FinderPluginLoader:87 - Searching for filters in installed packs
2023-11-06 10:06:26,418 [INFO] DetailPanel:309 - Set advertising image to C:/Users/ASUS/STM32Cube/Repository/\en.prom-stm32h5-mcu-finder.jpg
2023-11-06 10:07:43,089 [INFO] MainUpdater:2671 - connection check result : 10
2023-11-06 10:07:43,090 [INFO] MainUpdater:2671 - connection check result : 10
2023-11-06 10:07:43,146 [INFO] MicroXplorer:448 - Change Database Path : 
2023-11-06 10:07:43,146 [INFO] MicroXplorer:478 - Change Database Version : DB.6.0.30
2023-11-06 10:07:43,146 [WARN] ThirdParty:813 - waiting for thirdparty lock release [close project]
2023-11-06 10:07:43,146 [INFO] ThirdParty:815 - entering critical section [close project]
2023-11-06 10:07:43,148 [INFO] ThirdParty:825 - exiting critical section [close project]
2023-11-06 10:07:43,154 [INFO] PinOutPanel:1463 - setPackage(No Configuration,No Configuration)
2023-11-06 10:07:43,156 [INFO] UtilMem:74 - Begin LoadConfig() Used Memory: 737665984 Bytes (807403520)
2023-11-06 10:07:43,157 [INFO] MicroXplorer:448 - Change Database Path : 
2023-11-06 10:07:43,158 [INFO] MicroXplorer:478 - Change Database Version : DB.6.0.30
2023-11-06 10:07:43,158 [INFO] OpenFileManager:313 - Change cursor
2023-11-06 10:07:43,186 [WARN] IntegrityCheckThread:78 - waiting for thirdparty lock release [integrity check]
2023-11-06 10:07:43,186 [INFO] IntegrityCheckThread:80 - entering critical section [integrity check]
2023-11-06 10:07:43,398 [ERROR] Engine:463 - C:\Users\ASUS\.stm32cubemx\thirdparties\pdsc\STMicroelectronics.X-CUBE-SMBUS.2.1.0.pdsc: PDSC version is not supported
2023-11-06 10:07:43,491 [WARN] PackLoader:238 - Cannot read IP mode file for STMicroelectronics.X-CUBE-AZRTOS-F7.1.1.0
2023-11-06 10:07:43,506 [ERROR] Engine:463 - C:\Users\ASUS\.stm32cubemx\thirdparties\pdsc\STMicroelectronics.FP-SNS-MOTENV1.4.3.2.pdsc: PDSC version is not supported
2023-11-06 10:07:43,509 [ERROR] Engine:463 - C:\Users\ASUS\.stm32cubemx\thirdparties\pdsc\STMicroelectronics.FP-SNS-FLIGHT1.5.0.2.pdsc: PDSC version is not supported
2023-11-06 10:07:43,516 [ERROR] Engine:463 - C:\Users\ASUS\.stm32cubemx\thirdparties\pdsc\STMicroelectronics.X-CUBE-DISPLAY.3.0.0.pdsc: PDSC version is not supported
2023-11-06 10:07:43,526 [WARN] PackLoader:238 - Cannot read IP mode file for STMicroelectronics.X-CUBE-BLE1.7.0.0
2023-11-06 10:07:43,530 [ERROR] Engine:463 - C:\Users\ASUS\.stm32cubemx\thirdparties\pdsc\emotas.I-CUBE-CANOPEN.1.3.0.pdsc: PDSC version is not supported
2023-11-06 10:07:43,536 [WARN] PackLoader:238 - Cannot read IP mode file for STMicroelectronics.X-CUBE-TOUCHGFX.4.22.0
2023-11-06 10:07:43,538 [WARN] PackLoader:238 - Cannot read IP mode file for STMicroelectronics.X-CUBE-TOUCHGFX.4.22.1
2023-11-06 10:07:43,542 [ERROR] Engine:463 - C:\Users\ASUS\.stm32cubemx\thirdparties\pdsc\STMicroelectronics.FP-SNS-SMARTAG2.1.2.0.pdsc: PDSC version is not supported
2023-11-06 10:07:43,558 [INFO] LogOutputStream:76 - [STDOUT_REDIRECT] 1 : Invalid condition id : UX_CORESTACK_Condition cause : null
2023-11-06 10:07:43,563 [INFO] LogOutputStream:76 - [STDOUT_REDIRECT] 1 : Invalid condition id : UX_CORESTACK_Condition cause : null
2023-11-06 10:07:43,565 [INFO] LogOutputStream:76 - [STDOUT_REDIRECT] 1 : Invalid condition id : UX_CORESTACK_Condition cause : null
2023-11-06 10:07:43,569 [INFO] LogOutputStream:76 - [STDOUT_REDIRECT] 1 : Invalid condition id : UX_CORESTACK_Condition cause : null
2023-11-06 10:07:43,572 [INFO] LogOutputStream:76 - [STDOUT_REDIRECT] 1 : Invalid condition id : UX_CORESTACK_Condition cause : null
2023-11-06 10:07:43,580 [WARN] PackLoader:238 - Cannot read IP mode file for STMicroelectronics.X-CUBE-AZRTOS-WL.2.0.0
2023-11-06 10:07:43,595 [WARN] PackLoader:238 - Cannot read IP mode file for WES.I-CUBE-Cesium.1.3.0
2023-11-06 10:07:43,604 [WARN] PackLoader:238 - Cannot read IP mode file for STMicroelectronics.X-CUBE-BLE2.3.3.0
2023-11-06 10:07:43,620 [WARN] PackLoader:238 - Cannot read IP mode file for STMicroelectronics.X-CUBE-ALGOBUILD.1.3.0
2023-11-06 10:07:43,643 [WARN] PackLoader:238 - Cannot read IP mode file for STMicroelectronics.X-CUBE-AZRTOS-G0.1.1.0
2023-11-06 10:07:43,651 [WARN] PackLoader:238 - Cannot read IP mode file for STMicroelectronics.X-CUBE-NFC4.3.0.0
2023-11-06 10:07:43,661 [ERROR] Engine:463 - C:\Users\ASUS\.stm32cubemx\thirdparties\pdsc\STMicroelectronics.X-CUBE-BLEMGR.3.0.0.pdsc: PDSC version is not supported
2023-11-06 10:07:43,667 [WARN] PackLoader:238 - Cannot read IP mode file for STMicroelectronics.FP-ATR-SIGFOX1.3.2.0
2023-11-06 10:07:43,713 [WARN] PackLoader:238 - Cannot read IP mode file for SEGGER.I-CUBE-embOS.1.3.1
2023-11-06 10:07:43,796 [WARN] PackLoader:238 - Cannot read IP mode file for STMicroelectronics.X-CUBE-GNSS1.6.0.0
2023-11-06 10:07:43,842 [WARN] PackLoader:238 - Cannot read IP mode file for STMicroelectronics.X-CUBE-AZRTOS-F4.1.1.0
2023-11-06 10:07:43,851 [WARN] PackLoader:238 - Cannot read IP mode file for wolfSSL.I-CUBE-wolfSSL.5.6.3
2023-11-06 10:07:43,878 [WARN] PackLoader:238 - Cannot read IP mode file for STMicroelectronics.X-CUBE-AZRTOS-L5.2.0.0
2023-11-06 10:07:43,977 [WARN] PackLoader:238 - Cannot read IP mode file for STMicroelectronics.X-CUBE-MEMS1.9.6.0
2023-11-06 10:07:44,401 [WARN] PackLoader:238 - Cannot read IP mode file for STMicroelectronics.X-CUBE-EEPRMA1.4.2.0
2023-11-06 10:07:44,407 [ERROR] Engine:463 - C:\Users\ASUS\.stm32cubemx\thirdparties\pdsc\ITTIA_DB.I-CUBE-ITTIADB.8.8.0.pdsc: PDSC version is not supported
2023-11-06 10:07:44,421 [WARN] PackLoader:238 - Cannot read IP mode file for STMicroelectronics.X-CUBE-BLEMGR.2.0.0
2023-11-06 10:07:44,465 [WARN] ConditionMgr:437 - getConditionDescription Invalid condition id : UX DEVICE CLASS RTOS Condition cause : null
2023-11-06 10:07:44,465 [WARN] ConditionMgr:437 - getConditionDescription Invalid condition id : UX DEVICE CLASS RTOS Condition cause : null
2023-11-06 10:07:44,472 [WARN] PackLoader:238 - Cannot read IP mode file for STMicroelectronics.X-CUBE-AZRTOS-H7.3.1.0
2023-11-06 10:07:44,473 [WARN] ConditionMgr:1038 - genDependencies : Invalid condition id : UX DEVICE CLASS RTOS Condition cause : null
2023-11-06 10:07:44,474 [WARN] ConditionMgr:1038 - genDependencies : Invalid condition id : UX DEVICE CLASS RTOS Condition cause : null
2023-11-06 10:07:44,475 [WARN] ConditionMgr:1038 - genDependencies : Invalid condition id : UX DEVICE CLASS RTOS Condition cause : null
2023-11-06 10:07:44,476 [WARN] ConditionMgr:1038 - genDependencies : Invalid condition id : UX DEVICE CLASS RTOS Condition cause : null
2023-11-06 10:07:44,476 [WARN] ConditionMgr:1038 - genDependencies : Invalid condition id : UX DEVICE CLASS RTOS Condition cause : null
2023-11-06 10:07:44,485 [WARN] PackLoader:238 - Cannot read IP mode file for STMicroelectronics.X-CUBE-NFC7.1.0.1
2023-11-06 10:07:44,497 [WARN] PackLoader:238 - Cannot read IP mode file for STMicroelectronics.X-CUBE-NFC6.3.0.0
2023-11-06 10:07:44,507 [WARN] PackLoader:238 - Cannot read IP mode file for STMicroelectronics.X-CUBE-EEPRMA1.4.1.0
2023-11-06 10:07:44,516 [WARN] PackLoader:238 - Cannot read IP mode file for STMicroelectronics.X-CUBE-AI.8.1.0
2023-11-06 10:07:44,558 [WARN] ConditionMgr:437 - getConditionDescription Invalid condition id : LAN8742 Phy interface Condition cause : null
2023-11-06 10:07:44,559 [WARN] PackLoader:238 - Cannot read IP mode file for STMicroelectronics.X-CUBE-AZRTOS-L4.2.0.0
2023-11-06 10:07:44,562 [WARN] ConditionMgr:1038 - genDependencies : Invalid condition id : LAN8742 Phy interface Condition cause : null
2023-11-06 10:07:44,563 [WARN] ConditionMgr:1038 - genDependencies : Invalid condition id : LAN8742 Phy interface Condition cause : null
2023-11-06 10:07:44,564 [WARN] ConditionMgr:1038 - genDependencies : Invalid condition id : LAN8742 Phy interface Condition cause : null
2023-11-06 10:07:44,575 [WARN] PackLoader:238 - Cannot read IP mode file for STMicroelectronics.X-CUBE-SFXS2LP1.4.0.0
2023-11-06 10:07:44,582 [WARN] PackLoader:238 - Cannot read IP mode file for STMicroelectronics.X-CUBE-ISPU.1.1.0
2023-11-06 10:07:44,612 [WARN] ConditionMgr:437 - getConditionDescription Invalid condition id : UX DEVICE CLASS RTOS Condition cause : null
2023-11-06 10:07:44,612 [WARN] ConditionMgr:437 - getConditionDescription Invalid condition id : UX DEVICE CLASS RTOS Condition cause : null
2023-11-06 10:07:44,616 [WARN] PackLoader:238 - Cannot read IP mode file for STMicroelectronics.X-CUBE-AZRTOS-WB.2.0.0
2023-11-06 10:07:44,618 [WARN] ConditionMgr:1038 - genDependencies : Invalid condition id : UX DEVICE CLASS RTOS Condition cause : null
2023-11-06 10:07:44,618 [WARN] ConditionMgr:1038 - genDependencies : Invalid condition id : UX DEVICE CLASS RTOS Condition cause : null
2023-11-06 10:07:44,619 [WARN] ConditionMgr:1038 - genDependencies : Invalid condition id : UX DEVICE CLASS RTOS Condition cause : null
2023-11-06 10:07:44,620 [WARN] ConditionMgr:1038 - genDependencies : Invalid condition id : UX DEVICE CLASS RTOS Condition cause : null
2023-11-06 10:07:44,620 [WARN] ConditionMgr:1038 - genDependencies : Invalid condition id : UX DEVICE CLASS RTOS Condition cause : null
2023-11-06 10:07:44,641 [WARN] PackLoader:238 - Cannot read IP mode file for STMicroelectronics.X-CUBE-SUBG2.5.0.0
2023-11-06 10:07:44,661 [ERROR] Engine:463 - C:\Users\ASUS\.stm32cubemx\thirdparties\pdsc\STMicroelectronics.X-CUBE-TOF1.3.3.1.pdsc: PDSC version is not supported
2023-11-06 10:07:44,696 [WARN] PackLoader:238 - Cannot read IP mode file for STMicroelectronics.X-CUBE-AZRTOS-G4.2.0.0
2023-11-06 10:07:44,708 [ERROR] Engine:463 - C:\Users\ASUS\.stm32cubemx\thirdparties\pdsc\Infineon.AIROC-Wi-Fi-Bluetooth-STM32.1.5.1.pdsc: PDSC version is not supported
2023-11-06 10:07:44,759 [WARN] PackLoader:238 - Cannot read IP mode file for STMicroelectronics.X-CUBE-MEMS1.10.0.0
2023-11-06 10:07:44,981 [ERROR] Engine:463 - C:\Users\ASUS\.stm32cubemx\thirdparties\pdsc\STMicroelectronics.X-CUBE-FREERTOS.1.1.0.pdsc: PDSC version is not supported
2023-11-06 10:07:44,988 [WARN] PackLoader:238 - Cannot read IP mode file for portGmbH.I-Cube-SoM-uGOAL.1.1.0
2023-11-06 10:07:44,993 [WARN] PackLoader:238 - Cannot read IP mode file for STMicroelectronics.X-CUBE-ALS.1.0.1
2023-11-06 10:07:44,999 [WARN] PackLoader:238 - Cannot read IP mode file for STMicroelectronics.FP-ATR-ASTRA1.2.0.0
2023-11-06 10:07:44,999 [INFO] ThirdParty:915 - Integrity check success = true
2023-11-06 10:07:45,000 [INFO] IntegrityCheckThread:94 - exiting critical section [integrity check]
2023-11-06 10:07:45,000 [INFO] IntegrityCheckThread:97 - End integrity checks thread
2023-11-06 10:07:45,897 [INFO] Context:592 - Trying to add GPIOservice into a context  which must be forbidden
2023-11-06 10:07:46,199 [INFO] ImportTextPane:167 - (OptionalMessage_ERROR) Unable to find key (Mcu.ThirdPartyNb) in loaded IOC file
2023-11-06 10:07:46,200 [INFO] ImportTextPane:167 - (OptionalMessage_ERROR) Unable to find key (Mcu.PinsNb) in loaded IOC file
2023-11-06 10:07:46,200 [INFO] ImportTextPane:167 - (OptionalMessage_ERROR) Unable to find key (Mcu.IPNb) in loaded IOC file
2023-11-06 10:07:46,270 [WARN] ApiManager:304 - Cannot register API 'Board Extension:GNSS1A1' from pack STMicroelectronics.X-CUBE-GNSS1.6.0.0: no header file found
2023-11-06 10:07:46,270 [WARN] ApiManager:304 - Cannot register API 'Board Support:Custom' from pack STMicroelectronics.X-CUBE-GNSS1.6.0.0: no header file found
2023-11-06 10:07:46,271 [WARN] ApiManager:304 - Cannot register API 'Data Exchange:lib_gnss' from pack STMicroelectronics.X-CUBE-GNSS1.6.0.0: no header file found
2023-11-06 10:07:46,716 [WARN] ApiManager:304 - Cannot register API 'Board Extension:IKS01A3' from pack STMicroelectronics.X-CUBE-MEMS1.9.6.0: no header file found
2023-11-06 10:07:46,716 [WARN] ApiManager:304 - Cannot register API 'Board Extension:IKS01A2' from pack STMicroelectronics.X-CUBE-MEMS1.9.6.0: no header file found
2023-11-06 10:07:46,716 [WARN] ApiManager:304 - Cannot register API 'Board Extension:IKS02A1' from pack STMicroelectronics.X-CUBE-MEMS1.9.6.0: no header file found
2023-11-06 10:07:46,726 [WARN] ApiManager:304 - Cannot register API 'Board Extension:EEPRMA2' from pack STMicroelectronics.X-CUBE-EEPRMA1.4.2.0: no header file found
2023-11-06 10:07:46,727 [WARN] ApiManager:304 - Cannot register API 'Board Extension:PGEEZ1' from pack STMicroelectronics.X-CUBE-EEPRMA1.4.2.0: no header file found
2023-11-06 10:07:46,727 [WARN] ApiManager:304 - Cannot register API 'Board Part:M24' from pack STMicroelectronics.X-CUBE-EEPRMA1.4.2.0: no header file found
2023-11-06 10:07:46,727 [WARN] ApiManager:304 - Cannot register API 'Board Part:M95' from pack STMicroelectronics.X-CUBE-EEPRMA1.4.2.0: no header file found
2023-11-06 10:07:46,727 [WARN] ApiManager:304 - Cannot register API 'Board Part:M95P32' from pack STMicroelectronics.X-CUBE-EEPRMA1.4.2.0: no header file found
2023-11-06 10:07:46,727 [WARN] ApiManager:304 - Cannot register API 'PGEEZ1:SPI' from pack STMicroelectronics.X-CUBE-EEPRMA1.4.2.0: no header file found
2023-11-06 10:07:46,727 [WARN] ApiManager:304 - Cannot register API 'PGEEZ1:QDSPI' from pack STMicroelectronics.X-CUBE-EEPRMA1.4.2.0: no header file found
2023-11-06 10:07:46,730 [INFO] RtosManager:484 - Registered RTOS mode: class=CMSIS, group=RTOS, mode=CMSIS_V1, owner=FREERTOS
2023-11-06 10:07:46,731 [INFO] RtosManager:484 - Registered RTOS mode: class=CMSIS, group=RTOS2, mode=CMSIS_V2, owner=FREERTOS
2023-11-06 10:07:46,732 [INFO] RtosManager:484 - Registered RTOS mode: class=RTOS, group=Core, mode=CMSIS_V1, owner=FREERTOS
2023-11-06 10:07:46,732 [INFO] RtosManager:484 - Registered RTOS mode: class=RTOS, group=Core, mode=CMSIS_V2, owner=FREERTOS
2023-11-06 10:07:46,732 [WARN] ModelIntegratedComponent:181 - Missing modes for component STMicroelectronics:FreeRTOS:0.0.1:STMicroelectronics:RTOS:FreeRTOS:Core:::10.2.0:
2023-11-06 10:07:46,734 [WARN] ApiManager:304 - Cannot register API 'Board Extension:NFC04A1' from pack STMicroelectronics.X-CUBE-NFC4.3.0.0: no header file found
2023-11-06 10:07:46,741 [WARN] ApiManager:304 - Cannot register API 'Board Extension:S2868A1' from pack STMicroelectronics.X-CUBE-SUBG2.5.0.0: no header file found
2023-11-06 10:07:46,741 [WARN] ApiManager:304 - Cannot register API 'Board Extension:S2868A2' from pack STMicroelectronics.X-CUBE-SUBG2.5.0.0: no header file found
2023-11-06 10:07:46,742 [WARN] ApiManager:304 - Cannot register API 'Board Extension:S2915A1' from pack STMicroelectronics.X-CUBE-SUBG2.5.0.0: no header file found
2023-11-06 10:07:46,749 [WARN] ApiManager:304 - Cannot register API 'Wireless:BlueNRG-MS' from pack STMicroelectronics.X-CUBE-BLE1.7.0.0: no header file found
2023-11-06 10:07:46,752 [WARN] ModelIntegratedComponent:60 - No mode defined for component null
2023-11-06 10:07:46,754 [WARN] ModelIntegratedComponent:60 - No mode defined for component null
2023-11-06 10:07:46,754 [WARN] ModelIntegratedComponent:60 - No mode defined for component null
2023-11-06 10:07:46,754 [WARN] ModelIntegratedComponent:60 - No mode defined for component null
2023-11-06 10:07:46,754 [WARN] ModelIntegratedComponent:60 - No mode defined for component null
2023-11-06 10:07:46,754 [WARN] ModelIntegratedComponent:60 - No mode defined for component null
2023-11-06 10:07:46,755 [WARN] ModelIntegratedComponent:60 - No mode defined for component null
2023-11-06 10:07:46,755 [WARN] ModelIntegratedComponent:60 - No mode defined for component null
2023-11-06 10:07:46,755 [WARN] ModelIntegratedComponent:60 - No mode defined for component null
2023-11-06 10:07:46,755 [WARN] ModelIntegratedComponent:60 - No mode defined for component null
2023-11-06 10:07:46,755 [WARN] ModelIntegratedComponent:60 - No mode defined for component null
2023-11-06 10:07:46,755 [WARN] ModelIntegratedComponent:60 - No mode defined for component null
2023-11-06 10:07:46,756 [WARN] ModelIntegratedComponent:60 - No mode defined for component null
2023-11-06 10:07:46,756 [WARN] ModelIntegratedComponent:60 - No mode defined for component null
2023-11-06 10:07:46,756 [WARN] ModelIntegratedComponent:60 - No mode defined for component null
2023-11-06 10:07:46,756 [WARN] ModelIntegratedComponent:60 - No mode defined for component null
2023-11-06 10:07:46,756 [WARN] ModelIntegratedComponent:60 - No mode defined for component null
2023-11-06 10:07:46,756 [WARN] ModelIntegratedComponent:60 - No mode defined for component null
2023-11-06 10:07:46,757 [WARN] ModelIntegratedComponent:60 - No mode defined for component null
2023-11-06 10:07:46,757 [WARN] ModelIntegratedComponent:60 - No mode defined for component null
2023-11-06 10:07:46,757 [WARN] ModelIntegratedComponent:60 - No mode defined for component null
2023-11-06 10:07:46,757 [WARN] ModelIntegratedComponent:60 - No mode defined for component null
2023-11-06 10:07:46,757 [WARN] ModelIntegratedComponent:60 - No mode defined for component null
2023-11-06 10:07:46,758 [WARN] ModelIntegratedComponent:60 - No mode defined for component null
2023-11-06 10:07:46,758 [WARN] ModelIntegratedComponent:60 - No mode defined for component null
2023-11-06 10:07:46,758 [WARN] ModelIntegratedComponent:60 - No mode defined for component null
2023-11-06 10:07:46,758 [WARN] ModelIntegratedComponent:60 - No mode defined for component null
2023-11-06 10:07:46,759 [WARN] ModelIntegratedComponent:60 - No mode defined for component null
2023-11-06 10:07:46,759 [WARN] ModelIntegratedComponent:60 - No mode defined for component null
2023-11-06 10:07:46,759 [WARN] ModelIntegratedComponent:60 - No mode defined for component null
2023-11-06 10:07:46,759 [WARN] ModelIntegratedComponent:60 - No mode defined for component null
2023-11-06 10:07:47,041 [WARN] ApiManager:304 - Cannot register API 'Board Extension:IKS01A3' from pack STMicroelectronics.X-CUBE-MEMS1.10.0.0: no header file found
2023-11-06 10:07:47,042 [WARN] ApiManager:304 - Cannot register API 'Board Extension:IKS02A1' from pack STMicroelectronics.X-CUBE-MEMS1.10.0.0: no header file found
2023-11-06 10:07:47,042 [WARN] ApiManager:304 - Cannot register API 'Board Extension:IKS4A1' from pack STMicroelectronics.X-CUBE-MEMS1.10.0.0: no header file found
2023-11-06 10:07:47,049 [WARN] ApiManager:304 - Cannot register API 'Board Extension:NFC07A1' from pack STMicroelectronics.X-CUBE-NFC7.1.0.1: no header file found
2023-11-06 10:07:47,050 [WARN] ApiManager:304 - Cannot register API 'Board Extension:NFC06A1' from pack STMicroelectronics.X-CUBE-NFC6.3.0.0: no header file found
2023-11-06 10:07:47,050 [WARN] ApiManager:304 - Cannot register API 'Board Extension:NFC08A1' from pack STMicroelectronics.X-CUBE-NFC6.3.0.0: no header file found
2023-11-06 10:07:47,051 [WARN] ApiManager:304 - Cannot register API 'Board Extension:EEPRMA1' from pack STMicroelectronics.X-CUBE-EEPRMA1.4.1.0: no header file found
2023-11-06 10:07:47,051 [WARN] ApiManager:304 - Cannot register API 'Board Extension:EEPRMA2' from pack STMicroelectronics.X-CUBE-EEPRMA1.4.1.0: no header file found
2023-11-06 10:07:47,051 [WARN] ApiManager:304 - Cannot register API 'Board Extension:PGEEZ1' from pack STMicroelectronics.X-CUBE-EEPRMA1.4.1.0: no header file found
2023-11-06 10:07:47,051 [WARN] ApiManager:304 - Cannot register API 'Board Part:M24' from pack STMicroelectronics.X-CUBE-EEPRMA1.4.1.0: no header file found
2023-11-06 10:07:47,051 [WARN] ApiManager:304 - Cannot register API 'Board Part:M95' from pack STMicroelectronics.X-CUBE-EEPRMA1.4.1.0: no header file found
2023-11-06 10:07:47,051 [WARN] ApiManager:304 - Cannot register API 'Board Part:M95P32' from pack STMicroelectronics.X-CUBE-EEPRMA1.4.1.0: no header file found
2023-11-06 10:07:47,051 [WARN] ApiManager:304 - Cannot register API 'PGEEZ1:SPI' from pack STMicroelectronics.X-CUBE-EEPRMA1.4.1.0: no header file found
2023-11-06 10:07:47,051 [WARN] ApiManager:304 - Cannot register API 'PGEEZ1:QDSPI' from pack STMicroelectronics.X-CUBE-EEPRMA1.4.1.0: no header file found
2023-11-06 10:07:47,060 [WARN] ApiManager:304 - Cannot register API 'Board Extension:S2868A1' from pack STMicroelectronics.X-CUBE-SFXS2LP1.4.0.0: no header file found
2023-11-06 10:07:47,061 [WARN] ApiManager:304 - Cannot register API 'Board Extension:S2868A2' from pack STMicroelectronics.X-CUBE-SFXS2LP1.4.0.0: no header file found
2023-11-06 10:07:47,061 [WARN] ApiManager:304 - Cannot register API 'Board Extension:S2915A1' from pack STMicroelectronics.X-CUBE-SFXS2LP1.4.0.0: no header file found
2023-11-06 10:07:47,061 [WARN] ApiManager:304 - Cannot register API 'Wireless:BlueNRG-2' from pack STMicroelectronics.X-CUBE-BLE2.3.3.0: no header file found
2023-11-06 10:07:51,641 [INFO] UtilMem:74 - End LoadConfig() Used Memory: 741024824 Bytes (833617920)
2023-11-06 10:07:51,643 [WARN] ThirdParty:779 - waiting for thirdparty lock release [change project]
2023-11-06 10:07:51,643 [INFO] ThirdParty:781 - entering critical section [change project]
2023-11-06 10:07:51,643 [INFO] ThirdParty:967 - CMSIS Pack Vendor :STMicroelectronics X-CUBE-ISPU 1.1.0
2023-11-06 10:07:51,643 [INFO] ThirdParty:967 - CMSIS Pack Vendor :STMicroelectronics X-CUBE-GNSS1 6.0.0
2023-11-06 10:07:51,643 [INFO] ThirdParty:967 - CMSIS Pack Vendor :STMicroelectronics USB_HOST 2.0.0
2023-11-06 10:07:51,643 [INFO] ThirdParty:967 - CMSIS Pack Vendor :STMicroelectronics X-CUBE-AZRTOS-F4 1.1.0
2023-11-06 10:07:51,643 [INFO] ThirdParty:967 - CMSIS Pack Vendor :wolfSSL I-CUBE-wolfSSL 5.6.3
2023-11-06 10:07:51,643 [INFO] ThirdParty:967 - CMSIS Pack Vendor :STMicroelectronics USB_DEVICE 3.0.0
2023-11-06 10:07:51,643 [INFO] ThirdParty:967 - CMSIS Pack Vendor :STMicroelectronics X-CUBE-AZRTOS-WB 2.0.0
2023-11-06 10:07:51,643 [INFO] ThirdParty:967 - CMSIS Pack Vendor :STMicroelectronics X-CUBE-AZRTOS-F7 1.1.0
2023-11-06 10:07:51,643 [INFO] ThirdParty:967 - CMSIS Pack Vendor :STMicroelectronics X-CUBE-AZRTOS-L5 2.0.0
2023-11-06 10:07:51,643 [INFO] ThirdParty:967 - CMSIS Pack Vendor :STMicroelectronics USB_DEVICE 2.0.0
2023-11-06 10:07:51,643 [INFO] ThirdParty:967 - CMSIS Pack Vendor :STMicroelectronics X-CUBE-MEMS1 9.6.0
2023-11-06 10:07:51,643 [INFO] ThirdParty:967 - CMSIS Pack Vendor :STMicroelectronics X-CUBE-EEPRMA1 4.2.0
2023-11-06 10:07:51,643 [INFO] ThirdParty:967 - CMSIS Pack Vendor :STMicroelectronics X-CUBE-ALGOBUILD 1.3.0
2023-11-06 10:07:51,643 [INFO] ThirdParty:967 - CMSIS Pack Vendor :STMicroelectronics FreeRTOS 0.0.1
2023-11-06 10:07:51,643 [INFO] ThirdParty:967 - CMSIS Pack Vendor :STMicroelectronics X-CUBE-AZRTOS-G0 1.1.0
2023-11-06 10:07:51,643 [INFO] ThirdParty:967 - CMSIS Pack Vendor :STMicroelectronics X-CUBE-BLEMGR 2.0.0
2023-11-06 10:07:51,643 [INFO] ThirdParty:967 - CMSIS Pack Vendor :STMicroelectronics X-CUBE-NFC4 3.0.0
2023-11-06 10:07:51,643 [INFO] ThirdParty:967 - CMSIS Pack Vendor :STMicroelectronics X-CUBE-SUBG2 5.0.0
2023-11-06 10:07:51,644 [INFO] ThirdParty:967 - CMSIS Pack Vendor :STMicroelectronics lwIP 2.0.3
2023-11-06 10:07:51,644 [INFO] ThirdParty:967 - CMSIS Pack Vendor :STMicroelectronics USB_HOST 1.0.0
2023-11-06 10:07:51,644 [INFO] ThirdParty:967 - CMSIS Pack Vendor :STMicroelectronics X-CUBE-AZRTOS-G4 2.0.0
2023-11-06 10:07:51,644 [INFO] ThirdParty:967 - CMSIS Pack Vendor :STMicroelectronics PDM2PCM 3.1.0
2023-11-06 10:07:51,644 [INFO] ThirdParty:967 - CMSIS Pack Vendor :STMicroelectronics X-CUBE-AZRTOS-H7 3.1.0
2023-11-06 10:07:51,644 [INFO] ThirdParty:967 - CMSIS Pack Vendor :STMicroelectronics PDM2PCM 3.3.0
2023-11-06 10:07:51,644 [INFO] ThirdParty:967 - CMSIS Pack Vendor :STMicroelectronics X-CUBE-BLE1 7.0.0
2023-11-06 10:07:51,644 [INFO] ThirdParty:967 - CMSIS Pack Vendor :STMicroelectronics FP-ATR-SIGFOX1 3.2.0
2023-11-06 10:07:51,644 [INFO] ThirdParty:967 - CMSIS Pack Vendor :STMicroelectronics HAL Drivers 0.0.0
2023-11-06 10:07:51,644 [INFO] ThirdParty:967 - CMSIS Pack Vendor :STMicroelectronics MBEDTLS 2.16.2
2023-11-06 10:07:51,644 [INFO] ThirdParty:967 - CMSIS Pack Vendor :STMicroelectronics X-CUBE-MEMS1 10.0.0
2023-11-06 10:07:51,644 [INFO] ThirdParty:967 - CMSIS Pack Vendor :STMicroelectronics X-CUBE-TOUCHGFX 4.22.0
2023-11-06 10:07:51,644 [INFO] ThirdParty:967 - CMSIS Pack Vendor :STMicroelectronics X-CUBE-NFC7 1.0.1
2023-11-06 10:07:51,644 [INFO] ThirdParty:967 - CMSIS Pack Vendor :STMicroelectronics MBEDTLS 2.14.1
2023-11-06 10:07:51,644 [INFO] ThirdParty:967 - CMSIS Pack Vendor :STMicroelectronics X-CUBE-TOUCHGFX 4.22.1
2023-11-06 10:07:51,645 [INFO] ThirdParty:967 - CMSIS Pack Vendor :STMicroelectronics X-CUBE-NFC6 3.0.0
2023-11-06 10:07:51,645 [INFO] ThirdParty:967 - CMSIS Pack Vendor :STMicroelectronics X-CUBE-EEPRMA1 4.1.0
2023-11-06 10:07:51,645 [INFO] ThirdParty:967 - CMSIS Pack Vendor :portGmbH I-Cube-SoM-uGOAL 1.1.0
2023-11-06 10:07:51,645 [INFO] ThirdParty:967 - CMSIS Pack Vendor :STMicroelectronics X-CUBE-ALS 1.0.1
2023-11-06 10:07:51,645 [INFO] ThirdParty:967 - CMSIS Pack Vendor :STMicroelectronics X-CUBE-AZRTOS-WL 2.0.0
2023-11-06 10:07:51,645 [INFO] ThirdParty:967 - CMSIS Pack Vendor :SEGGER I-CUBE-embOS 1.3.1
2023-11-06 10:07:51,645 [INFO] ThirdParty:967 - CMSIS Pack Vendor :STMicroelectronics USB_DEVICE 1.0.0
2023-11-06 10:07:51,645 [INFO] ThirdParty:967 - CMSIS Pack Vendor :STMicroelectronics X-CUBE-AI 8.1.0
2023-11-06 10:07:51,645 [INFO] ThirdParty:967 - CMSIS Pack Vendor :STMicroelectronics X-CUBE-AZRTOS-L4 2.0.0
2023-11-06 10:07:51,645 [INFO] ThirdParty:967 - CMSIS Pack Vendor :STMicroelectronics ThreadX 0.0.2
2023-11-06 10:07:51,645 [INFO] ThirdParty:967 - CMSIS Pack Vendor :WES I-CUBE-Cesium 1.3.0
2023-11-06 10:07:51,645 [INFO] ThirdParty:967 - CMSIS Pack Vendor :STMicroelectronics FP-ATR-ASTRA1 2.0.0
2023-11-06 10:07:51,645 [INFO] ThirdParty:967 - CMSIS Pack Vendor :STMicroelectronics lwIP 2.1.2
2023-11-06 10:07:51,645 [INFO] ThirdParty:967 - CMSIS Pack Vendor :STMicroelectronics X-CUBE-SFXS2LP1 4.0.0
2023-11-06 10:07:51,645 [INFO] ThirdParty:967 - CMSIS Pack Vendor :STMicroelectronics X-CUBE-BLE2 3.3.0
2023-11-06 10:07:51,645 [INFO] ThirdParty:967 - CMSIS Pack Vendor :STMicroelectronics PDM2PCM 3.2.0
2023-11-06 10:07:51,646 [INFO] ThirdParty:787 - exiting critical section [change project]
2023-11-06 10:07:51,856 [INFO] PinOutPanel:1463 - setPackage(No Configuration,No Configuration)
2023-11-06 10:07:51,857 [INFO] PinOutPanel:1463 - setPackage(STM32F103C6Ux,UFQFPN48)
2023-11-06 10:07:52,271 [INFO] UtilMem:74 - Before build in PCC Used Memory: 728524584 Bytes (833617920)
2023-11-06 10:07:52,904 [INFO] UtilMem:74 - After build in PCC Used Memory: 740786088 Bytes (833617920)
2023-11-06 10:07:52,934 [INFO] IPUIPlugin:74 - create IPUIPlugin
2023-11-06 10:07:52,935 [INFO] IPUIPlugin:74 - create IPUIPlugin
2023-11-06 10:07:52,935 [INFO] IPUIPlugin:74 - create IPUIPlugin
2023-11-06 10:07:52,935 [INFO] IPUIPlugin:74 - create IPUIPlugin
2023-11-06 10:07:52,936 [INFO] IPUIPlugin:74 - create IPUIPlugin
2023-11-06 10:07:52,936 [INFO] IPUIPlugin:74 - create IPUIPlugin
2023-11-06 10:07:52,936 [INFO] IPUIPlugin:74 - create IPUIPlugin
2023-11-06 10:07:52,936 [INFO] IPUIPlugin:74 - create IPUIPlugin
2023-11-06 10:07:52,937 [INFO] IPUIPlugin:74 - create IPUIPlugin
2023-11-06 10:07:52,937 [INFO] IPUIPlugin:74 - create IPUIPlugin
2023-11-06 10:07:52,937 [INFO] IPUIPlugin:74 - create IPUIPlugin
2023-11-06 10:07:52,938 [INFO] IPUIPlugin:74 - create IPUIPlugin
2023-11-06 10:07:52,938 [INFO] IPUIPlugin:74 - create IPUIPlugin
2023-11-06 10:07:52,938 [INFO] IPUIPlugin:74 - create IPUIPlugin
2023-11-06 10:07:52,939 [INFO] IPUIPlugin:74 - create IPUIPlugin
2023-11-06 10:07:52,939 [INFO] IPUIPlugin:74 - create IPUIPlugin
2023-11-06 10:07:52,939 [INFO] IPUIPlugin:74 - create IPUIPlugin
2023-11-06 10:07:52,940 [INFO] IPUIPlugin:74 - create IPUIPlugin
2023-11-06 10:07:52,940 [INFO] IPUIPlugin:74 - create IPUIPlugin
2023-11-06 10:07:52,941 [INFO] IPUIPlugin:74 - create IPUIPlugin
2023-11-06 10:07:52,941 [INFO] IPUIPlugin:74 - create IPUIPlugin
2023-11-06 10:07:52,942 [INFO] IPUIPlugin:74 - create IPUIPlugin
2023-11-06 10:07:52,942 [INFO] IPUIPlugin:74 - create IPUIPlugin
2023-11-06 10:07:53,103 [INFO] OpenFileManager:333 - Restore cursor
2023-11-06 10:07:53,454 [INFO] UtilMem:74 - End SaveConfig() Used Memory: 718845352 Bytes (833617920)
2023-11-06 10:07:53,503 [INFO] UtilMem:74 - End SaveConfig() Used Memory: 730866984 Bytes (833617920)
2023-11-06 10:07:53,889 [INFO] BlockDiagram:2740 - set Specific Code input for plugin: NVIC
2023-11-06 10:07:53,890 [INFO] BlockDiagram:2740 - set Specific Code input for plugin: SYS
2023-11-06 10:07:53,890 [INFO] BlockDiagram:2740 - set Specific Code input for plugin: RCC
2023-11-06 10:07:53,891 [INFO] CodeGenerator:663 - code generatio: config db path: C:\ST\STM32CubeIDE_1.7.0\STM32CubeIDE\plugins\com.st.stm32cube.common.mx_6.3.0.202107141111\\db\
2023-11-06 10:07:54,324 [INFO] CodeEngine:239 - oldGeneratedFile, D:\Microcontroller\LAB3\SOURCECODE\LAB3\MXTmpFiles\license.tmp_save
2023-11-06 10:07:54,677 [INFO] CodeEngine:257 - Generated code: D:\Microcontroller\LAB3\SOURCECODE\LAB3\MXTmpFiles\license.tmp
2023-11-06 10:07:54,778 [INFO] CodeEngine:239 - oldGeneratedFile, D:\Microcontroller\LAB3\SOURCECODE\LAB3\Core\Src\stm32f1xx_it.c_save
2023-11-06 10:07:54,921 [INFO] CodeEngine:257 - Generated code: D:\Microcontroller\LAB3\SOURCECODE\LAB3\Core\Src\stm32f1xx_it.c
2023-11-06 10:07:54,923 [INFO] CodeEngine:239 - oldGeneratedFile, D:\Microcontroller\LAB3\SOURCECODE\LAB3\Core\Inc\stm32f1xx_it.h_save
2023-11-06 10:07:54,986 [INFO] CodeEngine:257 - Generated code: D:\Microcontroller\LAB3\SOURCECODE\LAB3\Core\Inc\stm32f1xx_it.h
2023-11-06 10:07:54,992 [INFO] CodeEngine:239 - oldGeneratedFile, D:\Microcontroller\LAB3\SOURCECODE\LAB3\Core\Src\stm32f1xx_hal_msp.c_save
2023-11-06 10:07:55,127 [INFO] CodeEngine:257 - Generated code: D:\Microcontroller\LAB3\SOURCECODE\LAB3\Core\Src\stm32f1xx_hal_msp.c
2023-11-06 10:07:55,129 [INFO] CodeEngine:239 - oldGeneratedFile, D:\Microcontroller\LAB3\SOURCECODE\LAB3\MXTmpFiles\system.tmp_save
2023-11-06 10:07:55,187 [INFO] CodeEngine:257 - Generated code: D:\Microcontroller\LAB3\SOURCECODE\LAB3\MXTmpFiles\system.tmp
2023-11-06 10:07:55,191 [INFO] CodeEngine:239 - oldGeneratedFile, D:\Microcontroller\LAB3\SOURCECODE\LAB3\Core\Inc\stm32f1xx_hal_conf.h_save
2023-11-06 10:07:55,285 [INFO] CodeEngine:257 - Generated code: D:\Microcontroller\LAB3\SOURCECODE\LAB3\Core\Inc\stm32f1xx_hal_conf.h
2023-11-06 10:07:55,336 [INFO] CodeEngine:239 - oldGeneratedFile, D:\Microcontroller\LAB3\SOURCECODE\LAB3\Core\Inc\main.h_save
2023-11-06 10:07:55,432 [INFO] CodeEngine:257 - Generated code: D:\Microcontroller\LAB3\SOURCECODE\LAB3\Core\Inc\main.h
2023-11-06 10:07:55,434 [INFO] CodeEngine:239 - oldGeneratedFile, D:\Microcontroller\LAB3\SOURCECODE\LAB3\Core\Src\main.c_save
2023-11-06 10:07:55,580 [INFO] CodeEngine:257 - Generated code: D:\Microcontroller\LAB3\SOURCECODE\LAB3\Core\Src\main.c
2023-11-06 10:07:56,598 [INFO] ProjectBuilder:2578 - Time for Copy HAL[1] : 52mS.
2023-11-06 10:07:56,603 [INFO] ProjectBuilder:3622 - Project Generator version: 3.14.1
2023-11-06 10:07:57,221 [INFO] ConfigFileManager:1271 - The Die is : DIE412
2023-11-06 10:07:57,239 [INFO] ApiDbMcu:468 - Load IP Config File for FATFS
2023-11-06 10:07:57,282 [INFO] ApiDbMcu:468 - Load IP Config File for FREERTOS
2023-11-06 10:07:57,313 [INFO] ApiDbMcu:468 - Load IP Config File for USB_DEVICE
2023-11-06 10:08:00,867 [INFO] ProjectBuilder:3789 - Time for Generating toolchain IDE Files: 4264mS.
2023-11-06 10:08:00,868 [INFO] ProjectBuilder:2457 - Time for Copy CMSIS : 0mS.
2023-11-06 10:08:00,870 [INFO] ProjectBuilder:2457 - Time for Copy CMSIS : 0mS.
2023-11-06 10:08:01,107 [INFO] McuFinderGlobals:52 - Set McuFinderConnectedMode to true
2023-11-06 10:08:01,109 [INFO] ApiDb:276 - Save user favorites file C:\Users\ASUS/.stm32cubeide/favorites.mcus.txt: 0 item(s)
2023-11-06 10:08:01,110 [INFO] ApiDb:280 - User favorites MCUs=[]
2023-11-06 10:12:25,557 [INFO] NvicIntPanel:96 - NVIC parent = com.st.microxplorer.plugins.ip.nvic.MultiNvicIntPanel[,0,0,450x186,layout=javax.swing.BoxLayout,alignmentX=0.0,alignmentY=0.0,border=,flags=9,maximumSize=,minimumSize=,preferredSize=]
2023-11-06 10:12:41,471 [INFO] UtilMem:74 - End SaveConfig() Used Memory: 725022808 Bytes (1073741824)
2023-11-06 10:12:42,460 [INFO] UtilMem:74 - End SaveConfig() Used Memory: 741800024 Bytes (1073741824)
2023-11-06 10:12:44,459 [INFO] UtilMem:74 - End SaveConfig() Used Memory: 700593240 Bytes (1073741824)
2023-11-06 10:12:44,719 [INFO] BlockDiagram:2740 - set Specific Code input for plugin: NVIC
2023-11-06 10:12:44,719 [INFO] BlockDiagram:2740 - set Specific Code input for plugin: SYS
2023-11-06 10:12:44,719 [INFO] BlockDiagram:2740 - set Specific Code input for plugin: RCC
2023-11-06 10:12:44,719 [INFO] BlockDiagram:2740 - set Specific Code input for plugin: TIM1_8F1
2023-11-06 10:12:44,720 [INFO] CodeGenerator:663 - code generatio: config db path: C:\ST\STM32CubeIDE_1.7.0\STM32CubeIDE\plugins\com.st.stm32cube.common.mx_6.3.0.202107141111\\db\
2023-11-06 10:12:44,996 [INFO] CodeEngine:239 - oldGeneratedFile, D:\Microcontroller\LAB3\SOURCECODE\LAB3\MXTmpFiles\license.tmp_save
2023-11-06 10:12:45,046 [INFO] CodeEngine:257 - Generated code: D:\Microcontroller\LAB3\SOURCECODE\LAB3\MXTmpFiles\license.tmp
2023-11-06 10:12:45,199 [INFO] CodeEngine:239 - oldGeneratedFile, D:\Microcontroller\LAB3\SOURCECODE\LAB3\Core\Src\stm32f1xx_it.c_save
2023-11-06 10:12:45,296 [INFO] CodeEngine:257 - Generated code: D:\Microcontroller\LAB3\SOURCECODE\LAB3\Core\Src\stm32f1xx_it.c
2023-11-06 10:12:45,299 [INFO] CodeEngine:239 - oldGeneratedFile, D:\Microcontroller\LAB3\SOURCECODE\LAB3\Core\Inc\stm32f1xx_it.h_save
2023-11-06 10:12:45,372 [INFO] CodeEngine:257 - Generated code: D:\Microcontroller\LAB3\SOURCECODE\LAB3\Core\Inc\stm32f1xx_it.h
2023-11-06 10:12:45,387 [INFO] CodeEngine:239 - oldGeneratedFile, D:\Microcontroller\LAB3\SOURCECODE\LAB3\Core\Src\stm32f1xx_hal_msp.c_save
2023-11-06 10:12:45,479 [INFO] CodeEngine:257 - Generated code: D:\Microcontroller\LAB3\SOURCECODE\LAB3\Core\Src\stm32f1xx_hal_msp.c
2023-11-06 10:12:45,480 [INFO] CodeEngine:239 - oldGeneratedFile, D:\Microcontroller\LAB3\SOURCECODE\LAB3\MXTmpFiles\system.tmp_save
2023-11-06 10:12:45,542 [INFO] CodeEngine:257 - Generated code: D:\Microcontroller\LAB3\SOURCECODE\LAB3\MXTmpFiles\system.tmp
2023-11-06 10:12:45,552 [INFO] CodeEngine:239 - oldGeneratedFile, D:\Microcontroller\LAB3\SOURCECODE\LAB3\Core\Inc\stm32f1xx_hal_conf.h_save
2023-11-06 10:12:45,619 [INFO] CodeEngine:257 - Generated code: D:\Microcontroller\LAB3\SOURCECODE\LAB3\Core\Inc\stm32f1xx_hal_conf.h
2023-11-06 10:12:45,631 [WARN] IPConfigManager:3148 - IP not found : TIM
2023-11-06 10:12:45,631 [WARN] CodeGenerator:3268 - IP not found : null
2023-11-06 10:12:45,640 [INFO] CodeEngine:239 - oldGeneratedFile, D:\Microcontroller\LAB3\SOURCECODE\LAB3\Core\Inc\main.h_save
2023-11-06 10:12:45,687 [INFO] CodeEngine:257 - Generated code: D:\Microcontroller\LAB3\SOURCECODE\LAB3\Core\Inc\main.h
2023-11-06 10:12:45,694 [INFO] CodeEngine:239 - oldGeneratedFile, D:\Microcontroller\LAB3\SOURCECODE\LAB3\Core\Src\main.c_save
2023-11-06 10:12:45,792 [INFO] CodeEngine:257 - Generated code: D:\Microcontroller\LAB3\SOURCECODE\LAB3\Core\Src\main.c
2023-11-06 10:12:46,616 [INFO] ProjectBuilder:2578 - Time for Copy HAL[1] : 44mS.
2023-11-06 10:12:46,618 [INFO] ProjectBuilder:3622 - Project Generator version: 3.14.1
2023-11-06 10:12:46,995 [INFO] ConfigFileManager:1271 - The Die is : DIE412
2023-11-06 10:12:48,713 [INFO] ProjectBuilder:3789 - Time for Generating toolchain IDE Files: 2095mS.
2023-11-06 10:12:48,714 [INFO] ProjectBuilder:2457 - Time for Copy CMSIS : 0mS.
2023-11-06 10:12:48,715 [INFO] ProjectBuilder:2457 - Time for Copy CMSIS : 0mS.
2023-11-06 11:30:28,844 [INFO] NvicIntPanel:96 - NVIC parent = com.st.microxplorer.plugins.ip.nvic.MultiNvicIntPanel[,0,0,0x0,invalid,layout=javax.swing.BoxLayout,alignmentX=0.0,alignmentY=0.0,border=,flags=9,maximumSize=,minimumSize=,preferredSize=]
2023-11-06 11:30:41,442 [INFO] Gpio:254 - dependency for GPIO []
2023-11-06 11:31:28,566 [INFO] UtilMem:74 - End SaveConfig() Used Memory: 882602560 Bytes (1073741824)
2023-11-06 11:31:29,368 [INFO] UtilMem:74 - End SaveConfig() Used Memory: 916325144 Bytes (1073741824)
2023-11-06 11:31:31,026 [INFO] UtilMem:74 - End SaveConfig() Used Memory: 707235736 Bytes (1073741824)
2023-11-06 11:31:31,324 [INFO] BlockDiagram:2740 - set Specific Code input for plugin: NVIC
2023-11-06 11:31:31,324 [INFO] BlockDiagram:2740 - set Specific Code input for plugin: SYS
2023-11-06 11:31:31,324 [INFO] BlockDiagram:2740 - set Specific Code input for plugin: GPIO
2023-11-06 11:31:31,324 [INFO] BlockDiagram:2740 - set Specific Code input for plugin: RCC
2023-11-06 11:31:31,324 [INFO] BlockDiagram:2740 - set Specific Code input for plugin: TIM1_8F1
2023-11-06 11:31:31,325 [INFO] CodeGenerator:663 - code generatio: config db path: C:\ST\STM32CubeIDE_1.7.0\STM32CubeIDE\plugins\com.st.stm32cube.common.mx_6.3.0.202107141111\\db\
2023-11-06 11:31:31,609 [INFO] CodeEngine:239 - oldGeneratedFile, D:\Microcontroller\LAB3\SOURCECODE\LAB3\MXTmpFiles\license.tmp_save
2023-11-06 11:31:31,674 [INFO] CodeEngine:257 - Generated code: D:\Microcontroller\LAB3\SOURCECODE\LAB3\MXTmpFiles\license.tmp
2023-11-06 11:31:31,713 [INFO] CodeEngine:239 - oldGeneratedFile, D:\Microcontroller\LAB3\SOURCECODE\LAB3\MXTmpFiles\gpio.tmp_save
2023-11-06 11:31:31,776 [INFO] CodeEngine:257 - Generated code: D:\Microcontroller\LAB3\SOURCECODE\LAB3\MXTmpFiles\gpio.tmp
2023-11-06 11:31:31,804 [INFO] CodeEngine:239 - oldGeneratedFile, D:\Microcontroller\LAB3\SOURCECODE\LAB3\Core\Src\stm32f1xx_it.c_save
2023-11-06 11:31:31,904 [INFO] CodeEngine:257 - Generated code: D:\Microcontroller\LAB3\SOURCECODE\LAB3\Core\Src\stm32f1xx_it.c
2023-11-06 11:31:31,913 [INFO] CodeEngine:239 - oldGeneratedFile, D:\Microcontroller\LAB3\SOURCECODE\LAB3\Core\Inc\stm32f1xx_it.h_save
2023-11-06 11:31:31,976 [INFO] CodeEngine:257 - Generated code: D:\Microcontroller\LAB3\SOURCECODE\LAB3\Core\Inc\stm32f1xx_it.h
2023-11-06 11:31:31,993 [INFO] CodeEngine:239 - oldGeneratedFile, D:\Microcontroller\LAB3\SOURCECODE\LAB3\Core\Src\stm32f1xx_hal_msp.c_save
2023-11-06 11:31:32,125 [INFO] CodeEngine:257 - Generated code: D:\Microcontroller\LAB3\SOURCECODE\LAB3\Core\Src\stm32f1xx_hal_msp.c
2023-11-06 11:31:32,127 [INFO] CodeEngine:239 - oldGeneratedFile, D:\Microcontroller\LAB3\SOURCECODE\LAB3\MXTmpFiles\system.tmp_save
2023-11-06 11:31:32,173 [INFO] CodeEngine:257 - Generated code: D:\Microcontroller\LAB3\SOURCECODE\LAB3\MXTmpFiles\system.tmp
2023-11-06 11:31:32,183 [INFO] CodeEngine:239 - oldGeneratedFile, D:\Microcontroller\LAB3\SOURCECODE\LAB3\Core\Inc\stm32f1xx_hal_conf.h_save
2023-11-06 11:31:32,251 [INFO] CodeEngine:257 - Generated code: D:\Microcontroller\LAB3\SOURCECODE\LAB3\Core\Inc\stm32f1xx_hal_conf.h
2023-11-06 11:31:32,265 [WARN] IPConfigManager:3148 - IP not found : TIM
2023-11-06 11:31:32,265 [WARN] CodeGenerator:3268 - IP not found : null
2023-11-06 11:31:32,274 [INFO] CodeEngine:239 - oldGeneratedFile, D:\Microcontroller\LAB3\SOURCECODE\LAB3\Core\Inc\main.h_save
2023-11-06 11:31:32,338 [INFO] CodeEngine:257 - Generated code: D:\Microcontroller\LAB3\SOURCECODE\LAB3\Core\Inc\main.h
2023-11-06 11:31:32,346 [INFO] CodeEngine:239 - oldGeneratedFile, D:\Microcontroller\LAB3\SOURCECODE\LAB3\Core\Src\main.c_save
2023-11-06 11:31:32,440 [INFO] CodeEngine:257 - Generated code: D:\Microcontroller\LAB3\SOURCECODE\LAB3\Core\Src\main.c
2023-11-06 11:31:33,199 [INFO] ProjectBuilder:2578 - Time for Copy HAL[1] : 43mS.
2023-11-06 11:31:33,201 [INFO] ProjectBuilder:3622 - Project Generator version: 3.14.1
2023-11-06 11:31:33,710 [INFO] ConfigFileManager:1271 - The Die is : DIE412
2023-11-06 11:31:35,190 [INFO] ProjectBuilder:3789 - Time for Generating toolchain IDE Files: 1989mS.
2023-11-06 11:31:35,190 [INFO] ProjectBuilder:2457 - Time for Copy CMSIS : 0mS.
2023-11-06 11:31:35,191 [INFO] ProjectBuilder:2457 - Time for Copy CMSIS : 0mS.
2023-11-06 11:32:21,880 [INFO] Gpio:254 - dependency for GPIO []
2023-11-06 11:32:27,727 [INFO] UtilMem:74 - End SaveConfig() Used Memory: 828060936 Bytes (1073741824)
2023-11-06 11:32:28,535 [INFO] UtilMem:74 - End SaveConfig() Used Memory: 850603192 Bytes (1073741824)
2023-11-06 11:32:29,943 [INFO] UtilMem:74 - End SaveConfig() Used Memory: 888456632 Bytes (1073741824)
2023-11-06 11:32:30,227 [INFO] BlockDiagram:2740 - set Specific Code input for plugin: NVIC
2023-11-06 11:32:30,227 [INFO] BlockDiagram:2740 - set Specific Code input for plugin: SYS
2023-11-06 11:32:30,228 [INFO] BlockDiagram:2740 - set Specific Code input for plugin: GPIO
2023-11-06 11:32:30,228 [INFO] BlockDiagram:2740 - set Specific Code input for plugin: RCC
2023-11-06 11:32:30,228 [INFO] BlockDiagram:2740 - set Specific Code input for plugin: TIM1_8F1
2023-11-06 11:32:30,228 [INFO] CodeGenerator:663 - code generatio: config db path: C:\ST\STM32CubeIDE_1.7.0\STM32CubeIDE\plugins\com.st.stm32cube.common.mx_6.3.0.202107141111\\db\
2023-11-06 11:32:30,492 [INFO] CodeEngine:239 - oldGeneratedFile, D:\Microcontroller\LAB3\SOURCECODE\LAB3\MXTmpFiles\license.tmp_save
2023-11-06 11:32:30,584 [INFO] CodeEngine:257 - Generated code: D:\Microcontroller\LAB3\SOURCECODE\LAB3\MXTmpFiles\license.tmp
2023-11-06 11:32:30,596 [INFO] CodeEngine:239 - oldGeneratedFile, D:\Microcontroller\LAB3\SOURCECODE\LAB3\MXTmpFiles\gpio.tmp_save
2023-11-06 11:32:30,656 [INFO] CodeEngine:257 - Generated code: D:\Microcontroller\LAB3\SOURCECODE\LAB3\MXTmpFiles\gpio.tmp
2023-11-06 11:32:30,685 [INFO] CodeEngine:239 - oldGeneratedFile, D:\Microcontroller\LAB3\SOURCECODE\LAB3\Core\Src\stm32f1xx_it.c_save
2023-11-06 11:32:30,748 [INFO] CodeEngine:257 - Generated code: D:\Microcontroller\LAB3\SOURCECODE\LAB3\Core\Src\stm32f1xx_it.c
2023-11-06 11:32:30,751 [INFO] CodeEngine:239 - oldGeneratedFile, D:\Microcontroller\LAB3\SOURCECODE\LAB3\Core\Inc\stm32f1xx_it.h_save
2023-11-06 11:32:30,796 [INFO] CodeEngine:257 - Generated code: D:\Microcontroller\LAB3\SOURCECODE\LAB3\Core\Inc\stm32f1xx_it.h
2023-11-06 11:32:30,806 [INFO] CodeEngine:239 - oldGeneratedFile, D:\Microcontroller\LAB3\SOURCECODE\LAB3\Core\Src\stm32f1xx_hal_msp.c_save
2023-11-06 11:32:30,876 [INFO] CodeEngine:257 - Generated code: D:\Microcontroller\LAB3\SOURCECODE\LAB3\Core\Src\stm32f1xx_hal_msp.c
2023-11-06 11:32:30,878 [INFO] CodeEngine:239 - oldGeneratedFile, D:\Microcontroller\LAB3\SOURCECODE\LAB3\MXTmpFiles\system.tmp_save
2023-11-06 11:32:30,935 [INFO] CodeEngine:257 - Generated code: D:\Microcontroller\LAB3\SOURCECODE\LAB3\MXTmpFiles\system.tmp
2023-11-06 11:32:30,945 [INFO] CodeEngine:239 - oldGeneratedFile, D:\Microcontroller\LAB3\SOURCECODE\LAB3\Core\Inc\stm32f1xx_hal_conf.h_save
2023-11-06 11:32:31,012 [INFO] CodeEngine:257 - Generated code: D:\Microcontroller\LAB3\SOURCECODE\LAB3\Core\Inc\stm32f1xx_hal_conf.h
2023-11-06 11:32:31,025 [WARN] IPConfigManager:3148 - IP not found : TIM
2023-11-06 11:32:31,025 [WARN] CodeGenerator:3268 - IP not found : null
2023-11-06 11:32:31,035 [INFO] CodeEngine:239 - oldGeneratedFile, D:\Microcontroller\LAB3\SOURCECODE\LAB3\Core\Inc\main.h_save
2023-11-06 11:32:31,097 [INFO] CodeEngine:257 - Generated code: D:\Microcontroller\LAB3\SOURCECODE\LAB3\Core\Inc\main.h
2023-11-06 11:32:31,105 [INFO] CodeEngine:239 - oldGeneratedFile, D:\Microcontroller\LAB3\SOURCECODE\LAB3\Core\Src\main.c_save
2023-11-06 11:32:31,218 [INFO] CodeEngine:257 - Generated code: D:\Microcontroller\LAB3\SOURCECODE\LAB3\Core\Src\main.c
2023-11-06 11:32:31,976 [INFO] ProjectBuilder:2578 - Time for Copy HAL[1] : 41mS.
2023-11-06 11:32:31,979 [INFO] ProjectBuilder:3622 - Project Generator version: 3.14.1
2023-11-06 11:32:32,487 [INFO] ConfigFileManager:1271 - The Die is : DIE412
2023-11-06 11:32:33,988 [INFO] ProjectBuilder:3789 - Time for Generating toolchain IDE Files: 2009mS.
2023-11-06 11:32:33,989 [INFO] ProjectBuilder:2457 - Time for Copy CMSIS : 0mS.
2023-11-06 11:32:33,990 [INFO] ProjectBuilder:2457 - Time for Copy CMSIS : 0mS.
2023-11-06 12:55:01,076 [INFO] Activator:177 - 


2023-11-06 12:55:01,079 [INFO] Activator:178 - !SESSION log4j initialized
2023-11-07 09:41:34,323 [INFO] Activator:177 - 


2023-11-07 09:41:34,325 [INFO] Activator:178 - !SESSION log4j initialized
2023-11-07 09:49:29,318 [INFO] Activator:177 - 


2023-11-07 09:49:29,320 [INFO] Activator:178 - !SESSION log4j initialized
